[0.05s] [ERROR]-Missing files! Rebuilding cache required!
[0.06s] [WARNING]-Rebuilding cache system
[0.75s] [SUCCESS]-Create: Static Response Callbacks
[0.76s] [SUCCESS]-Create: Dynamic Response Callbacks
[0.77s] [SUCCESS]-Create: Cache Callback
[0.77s] [SUCCESS]-Create: Start Callback
[0.77s] [SUCCESS]-Create: Receive Callback
[0.77s] [SUCCESS]-Create: Respond Callback
[0.77s] [SUCCESS]-Create: Classes as global variables
[0.79s] [SUCCESS]-Create: Item Action Callbacks
[0.80s] -┌────────────────────────┐
[0.80s] -│ JustEmuTarkov 1.0.3    │
[0.80s] -│ « discord.gg/T66tGKa » │
[0.80s] -└────────────────────────┘
[3.64s] [SUCCESS]-[LootFix] Settings applied
[3.84s] [SUCCESS]-[MOD] Mk18; Applied
[4.02s] [SUCCESS]-[MOD] UMP; Applied
[5.44s] [SUCCESS]-[MOD] LootFix; Applied
[5.45s] [SUCCESS]-[MOD] AllItemsExamined; Applied
[5.46s] [SUCCESS]-[MOD] BetterBundles; Applied
[5.47s] [SUCCESS]-Server is working at: https://127.0.0.1:443
[6.84s] [LOCAL] -/launcher/server/connect
[15.14s] [LOCAL] -/launcher/profile/login
[15.14s] [LOCAL] -/launcher/profile/get
[20.49s] [LOCAL] -/singleplayer/bundles
[21.12s] [LOCAL] -/singleplayer/bundles
[21.26s] [LOCAL] -/mode/offline
[33.55s] [AID19829382324549930enlT][LOCAL] -/client/game/start
[33.61s] [AID19829382324549930enlT][LOCAL] -/client/menu/locale/en
[33.66s] [AID19829382324549930enlT][LOCAL] -/client/game/version/validate
[33.69s] [AID19829382324549930enlT][LOCAL] -/client/languages
[33.73s] [AID19829382324549930enlT][LOCAL] -/client/game/config
[34.75s] [AID19829382324549930enlT][LOCAL] -/client/items
[45.08s] [AID19829382324549930enlT][LOCAL] -/client/customization
[45.13s] [AID19829382324549930enlT][LOCAL] -/client/globals
[46.04s] [AID19829382324549930enlT][LOCAL] -/client/game/profile/list
[46.93s] [AID19829382324549930enlT][LOCAL] -/client/game/profile/select
[46.98s] [AID19829382324549930enlT][LOCAL] -/client/profile/status
[47.06s] [AID19829382324549930enlT][LOCAL] -/client/weather
[47.07s] [AID19829382324549930enlT][LOCAL] -/client/locale/en
[47.10s] [AID19829382324549930enlT][LOCAL] -/client/locations
[47.10s] [AID19829382324549930enlT][LOCAL] -/client/game/profile/select
[47.17s] [AID19829382324549930enlT][LOCAL] -/client/profile/status
[47.96s] [AID19829382324549930enlT][LOCAL] -/client/handbook/templates
[53.27s] [AID19829382324549930enlT][LOCAL] -/client/hideout/areas
[53.65s] [AID19829382324549930enlT][LOCAL] -/client/hideout/settings
[53.70s] [AID19829382324549930enlT][LOCAL] -/client/hideout/production/recipes
[54.90s] [AID19829382324549930enlT][LOCAL] -/client/hideout/production/scavcase/recipes
[54.97s] [AID19829382324549930enlT][LOCAL] -/client/handbook/builds/my/list
[55.03s] [AID19829382324549930enlT][LOCAL] -/client/quest/list
[56.72s] [AID19829382324549930enlT][LOCAL] -/client/notifier/channel/create
[57.81s] [AID19829382324549930enlT][LOCAL] -/client/mail/dialog/list
[57.84s] [AID19829382324549930enlT][LOCAL] -/client/trading/customization/storage
[57.84s] [AID19829382324549930enlT][LOCAL] -/client/friend/list
[57.84s] [AID19829382324549930enlT][LOCAL] -/client/friend/request/list/inbox
[57.84s] [AID19829382324549930enlT][LOCAL] -/client/friend/request/list/outbox
[57.84s] [AID19829382324549930enlT][LOCAL] -/client/profile/status
[58.01s] [AID19829382324549930enlT][LOCAL] -/client/server/list
[58.01s] [AID19829382324549930enlT][LOCAL] -/client/trading/api/getTradersList
[58.16s] [AID19829382324549930enlT][LOCAL] -/client/checkVersion
[77.20s] [AID19829382324549930enlT][LOCAL] -/client/game/profile/items/moving
[78.38s] [AID19829382324549930enlT][LOCAL] -/client/trading/api/getTraderAssort/54cb57776803fa99248b456e
[78.44s] [AID19829382324549930enlT][LOCAL] -/client/trading/api/getUserAssortPrice/trader/54cb57776803fa99248b456e
[82.09s] [AID19829382324549930enlT][LOCAL] -/client/game/profile/items/moving
[88.57s] [AID19829382324549930enlT][LOCAL] -/client/game/profile/items/moving
[88.57s] [SUCCESS]-Items taken. Status OK.
[88.57s] [SUCCESS]-Bought item: 5eeca649bfed7142cb3105ce
[88.61s] [AID19829382324549930enlT][LOCAL] -/client/trading/api/getTraderAssort/54cb57776803fa99248b456e
[88.65s] [AID19829382324549930enlT][LOCAL] -/client/trading/api/getUserAssortPrice/trader/54cb57776803fa99248b456e
[92.99s] [AID19829382324549930enlT][LOCAL] -/client/trading/api/getTraderAssort/54cb50c76803fa8b248b4571
[93.06s] [AID19829382324549930enlT][LOCAL] -/client/trading/api/getUserAssortPrice/trader/54cb50c76803fa8b248b4571
[95.87s] [AID19829382324549930enlT][LOCAL] -/client/trading/api/getTraderAssort/5935c25fb3acc3127c3d8cd9
[95.92s] [AID19829382324549930enlT][LOCAL] -/client/trading/api/getUserAssortPrice/trader/5935c25fb3acc3127c3d8cd9
[104.05s] [AID19829382324549930enlT][LOCAL] -/client/trading/api/getTraderAssort/5a7c2eca46aef81a7ca2145d
[104.15s] [AID19829382324549930enlT][LOCAL] -/client/trading/api/getUserAssortPrice/trader/5a7c2eca46aef81a7ca2145d
[109.75s] [AID19829382324549930enlT][LOCAL] -/client/trading/api/getTraderAssort/58330581ace78e27b8b10cee
[109.80s] [AID19829382324549930enlT][LOCAL] -/client/trading/api/getUserAssortPrice/trader/58330581ace78e27b8b10cee
[130.67s] [AID19829382324549930enlT][LOCAL] -/client/trading/api/getTraderAssort/579dc571d53a0658a154fbec
[131.04s] [AID19829382324549930enlT][LOCAL] -/client/trading/api/getUserAssortPrice/trader/579dc571d53a0658a154fbec
[136.16s] [AID19829382324549930enlT][LOCAL] -/client/trading/api/getTraderAssort/54cb57776803fa99248b456e
[136.20s] [AID19829382324549930enlT][LOCAL] -/client/trading/api/getUserAssortPrice/trader/54cb57776803fa99248b456e
[138.19s] [AID19829382324549930enlT][LOCAL] -/client/trading/api/getTraderAssort/54cb50c76803fa8b248b4571
[138.24s] [AID19829382324549930enlT][LOCAL] -/client/trading/api/getUserAssortPrice/trader/54cb50c76803fa8b248b4571
[144.34s] [AID19829382324549930enlT][LOCAL] -/client/game/profile/items/moving
[144.35s] [SUCCESS]-Items taken. Status OK.
[144.35s] [SUCCESS]-Bought item: 5eeca647bfed7142cb31051a
[144.40s] [AID19829382324549930enlT][LOCAL] -/client/trading/api/getTraderAssort/54cb50c76803fa8b248b4571
[144.47s] [AID19829382324549930enlT][LOCAL] -/client/trading/api/getUserAssortPrice/trader/54cb50c76803fa8b248b4571
[162.28s] [AID19829382324549930enlT][LOCAL] -/client/trading/api/getTraderAssort/58330581ace78e27b8b10cee
[162.33s] [AID19829382324549930enlT][LOCAL] -/client/trading/api/getUserAssortPrice/trader/58330581ace78e27b8b10cee
[181.44s] [AID19829382324549930enlT][LOCAL] -/client/game/profile/items/moving
[181.44s] [SUCCESS]-Items taken. Status OK.
[181.44s] [SUCCESS]-Bought item: 5eeca635bfed7142cb30f792
[181.48s] [AID19829382324549930enlT][LOCAL] -/client/trading/api/getTraderAssort/58330581ace78e27b8b10cee
[181.53s] [AID19829382324549930enlT][LOCAL] -/client/trading/api/getUserAssortPrice/trader/58330581ace78e27b8b10cee
[184.26s] [AID19829382324549930enlT][LOCAL] -/client/game/profile/items/moving
[184.26s] [SUCCESS]-Items taken. Status OK.
[184.26s] [SUCCESS]-Bought item: 5eeca635bfed7142cb30f792
[184.31s] [AID19829382324549930enlT][LOCAL] -/client/trading/api/getTraderAssort/58330581ace78e27b8b10cee
[184.35s] [AID19829382324549930enlT][LOCAL] -/client/trading/api/getUserAssortPrice/trader/58330581ace78e27b8b10cee
[188.54s] [AID19829382324549930enlT][LOCAL] -/client/game/profile/items/moving
[188.54s] [SUCCESS]-Items taken. Status OK.
[188.54s] [SUCCESS]-Bought item: 5eeca635bfed7142cb30f72c
[188.59s] [AID19829382324549930enlT][LOCAL] -/client/trading/api/getTraderAssort/58330581ace78e27b8b10cee
[188.64s] [AID19829382324549930enlT][LOCAL] -/client/trading/api/getUserAssortPrice/trader/58330581ace78e27b8b10cee
[191.13s] [AID19829382324549930enlT][LOCAL] -/client/trading/api/getTraderAssort/5a7c2eca46aef81a7ca2145d
[191.20s] [AID19829382324549930enlT][LOCAL] -/client/trading/api/getUserAssortPrice/trader/5a7c2eca46aef81a7ca2145d
[195.24s] [AID19829382324549930enlT][LOCAL] -/client/trading/api/getTraderAssort/5935c25fb3acc3127c3d8cd9
[195.29s] [AID19829382324549930enlT][LOCAL] -/client/trading/api/getUserAssortPrice/trader/5935c25fb3acc3127c3d8cd9
[200.35s] [AID19829382324549930enlT][LOCAL] -/client/game/profile/items/moving
[200.35s] [SUCCESS]-Items taken. Status OK.
[200.35s] [SUCCESS]-Bought item: 5f004bf41b27f811e5317b32
[200.40s] [AID19829382324549930enlT][LOCAL] -/client/trading/api/getTraderAssort/5935c25fb3acc3127c3d8cd9
[200.46s] [AID19829382324549930enlT][LOCAL] -/client/trading/api/getUserAssortPrice/trader/5935c25fb3acc3127c3d8cd9
[202.74s] [AID19829382324549930enlT][LOCAL] -/client/game/profile/items/moving
[202.74s] [SUCCESS]-Items taken. Status OK.
[202.74s] [SUCCESS]-Bought item: 5f004c021b27f811e5317c0f
[202.78s] [AID19829382324549930enlT][LOCAL] -/client/trading/api/getTraderAssort/5935c25fb3acc3127c3d8cd9
[202.84s] [AID19829382324549930enlT][LOCAL] -/client/trading/api/getUserAssortPrice/trader/5935c25fb3acc3127c3d8cd9
[229.20s] [AID19829382324549930enlT][LOCAL] -/client/game/profile/items/moving
[238.89s] [AID19829382324549930enlT][LOCAL] -/client/game/profile/items/moving
[240.24s] [AID19829382324549930enlT][LOCAL] -/client/trading/api/getTraderAssort/5ac3b934156ae10c4430e83c
[240.29s] [AID19829382324549930enlT][LOCAL] -/client/trading/api/getUserAssortPrice/trader/5ac3b934156ae10c4430e83c
[260.69s] [AID19829382324549930enlT][LOCAL] -/client/game/profile/items/moving
[260.69s] [SUCCESS]-Items taken. Status OK.
[260.69s] [SUCCESS]-Bought item: 5ece83c101e14e770d582984
[260.73s] [AID19829382324549930enlT][LOCAL] -/client/trading/api/getTraderAssort/5ac3b934156ae10c4430e83c
[260.78s] [AID19829382324549930enlT][LOCAL] -/client/trading/api/getUserAssortPrice/trader/5ac3b934156ae10c4430e83c
[263.36s] [AID19829382324549930enlT][LOCAL] -/client/game/profile/items/moving
[263.37s] [SUCCESS]-Items taken. Status OK.
[263.37s] [SUCCESS]-Bought item: 5ece83c201e14e770d582a02
[263.41s] [AID19829382324549930enlT][LOCAL] -/client/trading/api/getTraderAssort/5ac3b934156ae10c4430e83c
[263.44s] [AID19829382324549930enlT][LOCAL] -/client/trading/api/getUserAssortPrice/trader/5ac3b934156ae10c4430e83c
[266.17s] [AID19829382324549930enlT][LOCAL] -/client/game/profile/items/moving
[266.18s] [SUCCESS]-Items taken. Status OK.
[266.18s] [SUCCESS]-Bought item: 5ece83c101e14e770d582922
[266.22s] [AID19829382324549930enlT][LOCAL] -/client/trading/api/getTraderAssort/5ac3b934156ae10c4430e83c
[266.27s] [AID19829382324549930enlT][LOCAL] -/client/trading/api/getUserAssortPrice/trader/5ac3b934156ae10c4430e83c
[266.52s] [AID19829382324549930enlT][LOCAL] -/client/trading/api/getTrader/58330581ace78e27b8b10cee
[270.16s] [AID19829382324549930enlT][LOCAL] -/client/trading/api/getTraderAssort/5a7c2eca46aef81a7ca2145d
[270.25s] [AID19829382324549930enlT][LOCAL] -/client/trading/api/getUserAssortPrice/trader/5a7c2eca46aef81a7ca2145d
[281.56s] [AID19829382324549930enlT][LOCAL] -/client/trading/api/getTrader/58330581ace78e27b8b10cee
[282.06s] [AID19829382324549930enlT][LOCAL] -/client/trading/api/getTraderAssort/58330581ace78e27b8b10cee
[282.12s] [AID19829382324549930enlT][LOCAL] -/client/trading/api/getUserAssortPrice/trader/58330581ace78e27b8b10cee
[286.63s] [AID19829382324549930enlT][LOCAL] -/client/trading/api/getTraderAssort/5935c25fb3acc3127c3d8cd9
[286.68s] [AID19829382324549930enlT][LOCAL] -/client/trading/api/getUserAssortPrice/trader/5935c25fb3acc3127c3d8cd9
[290.49s] [AID19829382324549930enlT][LOCAL] -/client/game/profile/items/moving
[290.50s] [SUCCESS]-Items taken. Status OK.
[290.50s] [SUCCESS]-Bought item: 5f004bf91b27f811e5317b7d
[290.55s] [AID19829382324549930enlT][LOCAL] -/client/trading/api/getTraderAssort/5935c25fb3acc3127c3d8cd9
[290.61s] [AID19829382324549930enlT][LOCAL] -/client/trading/api/getUserAssortPrice/trader/5935c25fb3acc3127c3d8cd9
[294.54s] [AID19829382324549930enlT][LOCAL] -/client/trading/api/getTrader/58330581ace78e27b8b10cee
[295.17s] [AID19829382324549930enlT][LOCAL] -/client/trading/api/getTraderAssort/54cb50c76803fa8b248b4571
[295.22s] [AID19829382324549930enlT][LOCAL] -/client/trading/api/getUserAssortPrice/trader/54cb50c76803fa8b248b4571
[299.46s] [AID19829382324549930enlT][LOCAL] -/client/game/profile/items/moving
[299.46s] [SUCCESS]-Items taken. Status OK.
[299.46s] [SUCCESS]-Bought item: 5eeca646bfed7142cb3103e4
[299.52s] [AID19829382324549930enlT][LOCAL] -/client/trading/api/getTraderAssort/54cb50c76803fa8b248b4571
[299.58s] [AID19829382324549930enlT][LOCAL] -/client/trading/api/getUserAssortPrice/trader/54cb50c76803fa8b248b4571
[299.96s] [AID19829382324549930enlT][LOCAL] -/client/trading/api/getTrader/58330581ace78e27b8b10cee
[311.90s] [AID19829382324549930enlT][LOCAL] -/client/game/profile/items/moving
[314.77s] [AID19829382324549930enlT][LOCAL] -/client/game/profile/items/moving
[315.98s] [AID19829382324549930enlT][LOCAL] -/client/game/profile/items/moving
[344.18s] [AID19829382324549930enlT][LOCAL] -/client/game/profile/items/moving
[348.88s] [LOCAL] -/singleplayer/settings/raid/menu
[349.28s] [AID19829382324549930enlT][LOCAL] -/client/insurance/items/list/cost
[483.94s] [LOCAL] -/singleplayer/settings/bot/limit/followerBully
[483.96s] [LOCAL] -/singleplayer/settings/bot/limit/followerGluharScout
[483.98s] [LOCAL] -/singleplayer/settings/bot/limit/followerGluharSecurity
[483.99s] [LOCAL] -/singleplayer/settings/bot/limit/followerGluharAssault
[484.00s] [LOCAL] -/singleplayer/settings/bot/limit/marksman
[484.01s] [LOCAL] -/singleplayer/settings/bot/limit/followerGluharScout
[484.03s] [LOCAL] -/singleplayer/settings/bot/limit/followerGluharAssault
[484.04s] [LOCAL] -/singleplayer/settings/bot/limit/followerBully
[484.05s] [LOCAL] -/singleplayer/settings/bot/limit/bossBully
[484.06s] [LOCAL] -/singleplayer/settings/bot/limit/pmcBot
[484.10s] [AID19829382324549930enlT][LOCAL] -/client/game/bot/generate
[2482.81s] [AID19829382324549930enlT][LOCAL] -/raid/profile/save
[2482.82s] [ERROR]-insurance Disabled!! cause of varaible undefined or file not found. Check line 249-250 at src/classes/offraid.js
[2482.82s] [ERROR]-Disabling: Remove map key on entering, cause of offraid_f.handler.players[sessionID] is undefined
[2490.98s] [AID19829382324549930enlT][LOCAL] -/client/game/profile/list
[2525.43s] [AID19829382324549930enlT][LOCAL] -/client/trading/api/getTradersList
[2532.39s] [AID19829382324549930enlT][LOCAL] -/client/game/profile/items/moving
[2532.39s] [SUCCESS]-Items taken. Status OK.
[2538.95s] [AID19829382324549930enlT][LOCAL] -/client/items
[2544.75s] [AID19829382324549930enlT][LOCAL] -/client/customization
[2544.75s] [AID19829382324549930enlT][LOCAL] -/client/globals
[2544.95s] [AID19829382324549930enlT][LOCAL] -/client/game/profile/list
[2545.08s] [AID19829382324549930enlT][LOCAL] -/client/game/profile/select
[2545.11s] [AID19829382324549930enlT][LOCAL] -/client/profile/status
[2545.17s] [AID19829382324549930enlT][LOCAL] -/client/weather
[2545.17s] [AID19829382324549930enlT][LOCAL] -/client/locations
[2545.20s] [AID19829382324549930enlT][LOCAL] -/client/game/profile/select
[2545.24s] [AID19829382324549930enlT][LOCAL] -/client/profile/status
[2545.50s] [AID19829382324549930enlT][LOCAL] -/client/handbook/templates
[2551.51s] [AID19829382324549930enlT][LOCAL] -/client/hideout/areas
[2551.57s] [AID19829382324549930enlT][LOCAL] -/client/hideout/settings
[2552.90s] [AID19829382324549930enlT][LOCAL] -/client/hideout/production/recipes
[2552.96s] [AID19829382324549930enlT][LOCAL] -/client/hideout/production/scavcase/recipes
[2554.07s] [AID19829382324549930enlT][LOCAL] -/client/handbook/builds/my/list
[2554.12s] [AID19829382324549930enlT][LOCAL] -/client/quest/list
[2556.72s] [AID19829382324549930enlT][LOCAL] -/client/notifier/channel/create
[2557.59s] [AID19829382324549930enlT][LOCAL] -/client/mail/dialog/list
[2557.64s] [AID19829382324549930enlT][LOCAL] -/client/friend/list
[2557.64s] [AID19829382324549930enlT][LOCAL] -/client/friend/request/list/inbox
[2557.64s] [AID19829382324549930enlT][LOCAL] -/client/friend/request/list/outbox
[2557.65s] [AID19829382324549930enlT][LOCAL] -/client/profile/status
[2557.65s] [AID19829382324549930enlT][LOCAL] -/client/trading/customization/storage
[2557.79s] [AID19829382324549930enlT][LOCAL] -/client/server/list
[2557.79s] [AID19829382324549930enlT][LOCAL] -/client/trading/api/getTradersList
[2558.09s] [AID19829382324549930enlT][LOCAL] -/client/checkVersion
[2592.45s] [AID19829382324549930enlT][LOCAL] -/client/game/profile/items/moving
[2625.12s] [AID19829382324549930enlT][LOCAL] -/client/game/profile/items/moving
[2625.12s] [SUCCESS]-Items taken. Status OK.
[2629.57s] [AID19829382324549930enlT][LOCAL] -/client/game/profile/items/moving
[2629.57s] [SUCCESS]-Items taken. Status OK.
[2689.62s] [AID19829382324549930enlT][LOCAL] -/client/game/profile/items/moving
[2749.63s] [AID19829382324549930enlT][LOCAL] -/client/game/profile/items/moving
[2809.63s] [AID19829382324549930enlT][LOCAL] -/client/game/profile/items/moving
[2820.76s] [AID19829382324549930enlT][LOCAL] -/client/game/profile/items/moving
[2822.49s] [AID19829382324549930enlT][LOCAL] -/client/trading/api/getTrader/54cb50c76803fa8b248b4571
[2822.54s] [AID19829382324549930enlT][LOCAL] -/client/trading/api/getTrader/54cb57776803fa99248b456e
[2822.54s] [AID19829382324549930enlT][LOCAL] -/client/trading/api/getTrader/579dc571d53a0658a154fbec
[2822.54s] [AID19829382324549930enlT][LOCAL] -/client/trading/api/getTrader/58330581ace78e27b8b10cee
[2822.55s] [AID19829382324549930enlT][LOCAL] -/client/trading/api/getTrader/5a7c2eca46aef81a7ca2145d
[2822.55s] [AID19829382324549930enlT][LOCAL] -/client/trading/api/getTrader/5ac3b934156ae10c4430e83c
[2822.55s] [AID19829382324549930enlT][LOCAL] -/client/trading/api/getTrader/5935c25fb3acc3127c3d8cd9
[2822.55s] [AID19829382324549930enlT][LOCAL] -/client/trading/api/getTrader/5c0647fdd443bc2504c2d371
[2823.14s] [AID19829382324549930enlT][LOCAL] -/client/trading/api/getTraderAssort/58330581ace78e27b8b10cee
[2823.24s] [AID19829382324549930enlT][LOCAL] -/client/trading/api/getUserAssortPrice/trader/58330581ace78e27b8b10cee
[2827.43s] [AID19829382324549930enlT][LOCAL] -/client/trading/api/getTraderAssort/5935c25fb3acc3127c3d8cd9
[2827.49s] [AID19829382324549930enlT][LOCAL] -/client/trading/api/getUserAssortPrice/trader/5935c25fb3acc3127c3d8cd9
[2829.47s] [AID19829382324549930enlT][LOCAL] -/client/trading/api/getTrader/54cb57776803fa99248b456e
[2829.47s] [AID19829382324549930enlT][LOCAL] -/client/trading/api/getTrader/579dc571d53a0658a154fbec
[2829.47s] [AID19829382324549930enlT][LOCAL] -/client/trading/api/getTrader/5ac3b934156ae10c4430e83c
[2829.47s] [AID19829382324549930enlT][LOCAL] -/client/trading/api/getTrader/5a7c2eca46aef81a7ca2145d
[2829.47s] [AID19829382324549930enlT][LOCAL] -/client/trading/api/getTrader/54cb50c76803fa8b248b4571
[2829.47s] [AID19829382324549930enlT][LOCAL] -/client/trading/api/getTrader/5935c25fb3acc3127c3d8cd9
[2829.47s] [AID19829382324549930enlT][LOCAL] -/client/trading/api/getTrader/58330581ace78e27b8b10cee
[2829.47s] [AID19829382324549930enlT][LOCAL] -/client/trading/api/getTrader/5c0647fdd443bc2504c2d371
[2830.01s] [AID19829382324549930enlT][LOCAL] -/client/trading/api/getTraderAssort/5a7c2eca46aef81a7ca2145d
[2830.10s] [AID19829382324549930enlT][LOCAL] -/client/trading/api/getUserAssortPrice/trader/5a7c2eca46aef81a7ca2145d
[2832.96s] [AID19829382324549930enlT][LOCAL] -/client/trading/api/getTraderAssort/54cb50c76803fa8b248b4571
[2833.02s] [AID19829382324549930enlT][LOCAL] -/client/trading/api/getUserAssortPrice/trader/54cb50c76803fa8b248b4571
[2835.89s] [AID19829382324549930enlT][LOCAL] -/client/trading/api/getTrader/579dc571d53a0658a154fbec
[2835.93s] [AID19829382324549930enlT][LOCAL] -/client/trading/api/getTrader/54cb50c76803fa8b248b4571
[2835.93s] [AID19829382324549930enlT][LOCAL] -/client/trading/api/getTrader/54cb57776803fa99248b456e
[2835.93s] [AID19829382324549930enlT][LOCAL] -/client/trading/api/getTrader/58330581ace78e27b8b10cee
[2835.93s] [AID19829382324549930enlT][LOCAL] -/client/trading/api/getTrader/5935c25fb3acc3127c3d8cd9
[2835.93s] [AID19829382324549930enlT][LOCAL] -/client/trading/api/getTrader/5a7c2eca46aef81a7ca2145d
[2835.93s] [AID19829382324549930enlT][LOCAL] -/client/trading/api/getTrader/5ac3b934156ae10c4430e83c
[2835.94s] [AID19829382324549930enlT][LOCAL] -/client/trading/api/getTrader/5c0647fdd443bc2504c2d371
[2882.10s] [AID19829382324549930enlT][LOCAL] -/client/game/profile/items/moving
[2942.10s] [AID19829382324549930enlT][LOCAL] -/client/game/profile/items/moving
[2950.50s] [AID19829382324549930enlT][LOCAL] -/client/trading/api/getTrader/54cb57776803fa99248b456e
[2950.50s] [AID19829382324549930enlT][LOCAL] -/client/trading/api/getTrader/5a7c2eca46aef81a7ca2145d
[2950.51s] [AID19829382324549930enlT][LOCAL] -/client/trading/api/getTrader/579dc571d53a0658a154fbec
[2950.51s] [AID19829382324549930enlT][LOCAL] -/client/trading/api/getTrader/58330581ace78e27b8b10cee
[2950.51s] [AID19829382324549930enlT][LOCAL] -/client/trading/api/getTrader/5935c25fb3acc3127c3d8cd9
[2950.51s] [AID19829382324549930enlT][LOCAL] -/client/trading/api/getTrader/5ac3b934156ae10c4430e83c
[2950.51s] [AID19829382324549930enlT][LOCAL] -/client/trading/api/getTrader/5c0647fdd443bc2504c2d371
[2950.51s] [AID19829382324549930enlT][LOCAL] -/client/trading/api/getTrader/54cb50c76803fa8b248b4571
[2951.15s] [AID19829382324549930enlT][LOCAL] -/client/trading/api/getTraderAssort/54cb50c76803fa8b248b4571
[2951.21s] [AID19829382324549930enlT][LOCAL] -/client/trading/api/getUserAssortPrice/trader/54cb50c76803fa8b248b4571
[2961.74s] [AID19829382324549930enlT][LOCAL] -/client/game/profile/items/moving
[2961.74s] [SUCCESS]-Items taken. Status OK.
[2961.74s] [SUCCESS]-Bought item: 5eeca645bfed7142cb3102a4
[2961.81s] [AID19829382324549930enlT][LOCAL] -/client/trading/api/getTraderAssort/54cb50c76803fa8b248b4571
[2961.88s] [AID19829382324549930enlT][LOCAL] -/client/trading/api/getUserAssortPrice/trader/54cb50c76803fa8b248b4571
[2973.52s] [AID19829382324549930enlT][LOCAL] -/client/game/profile/items/moving
[2986.25s] [AID19829382324549930enlT][LOCAL] -/client/game/profile/items/moving
[2986.26s] [SUCCESS]-Items taken. Status OK.
[2986.26s] [SUCCESS]-Bought item: 5eeca646bfed7142cb310386
[2986.31s] [AID19829382324549930enlT][LOCAL] -/client/trading/api/getTraderAssort/54cb50c76803fa8b248b4571
[2986.36s] [AID19829382324549930enlT][LOCAL] -/client/trading/api/getUserAssortPrice/trader/54cb50c76803fa8b248b4571
[2996.27s] [AID19829382324549930enlT][LOCAL] -/client/game/profile/items/moving
[2996.27s] [SUCCESS]-Items taken. Status OK.
[2996.27s] [SUCCESS]-Bought item: 5eeca645bfed7142cb31033b
[2996.34s] [AID19829382324549930enlT][LOCAL] -/client/trading/api/getTraderAssort/54cb50c76803fa8b248b4571
[2996.38s] [AID19829382324549930enlT][LOCAL] -/client/trading/api/getUserAssortPrice/trader/54cb50c76803fa8b248b4571
[2998.37s] [AID19829382324549930enlT][LOCAL] -/client/trading/api/getTrader/579dc571d53a0658a154fbec
[2998.40s] [AID19829382324549930enlT][LOCAL] -/client/trading/api/getTrader/54cb50c76803fa8b248b4571
[2998.41s] [AID19829382324549930enlT][LOCAL] -/client/trading/api/getTrader/58330581ace78e27b8b10cee
[2998.41s] [AID19829382324549930enlT][LOCAL] -/client/trading/api/getTrader/54cb57776803fa99248b456e
[2998.41s] [AID19829382324549930enlT][LOCAL] -/client/trading/api/getTrader/5935c25fb3acc3127c3d8cd9
[2998.41s] [AID19829382324549930enlT][LOCAL] -/client/trading/api/getTrader/5ac3b934156ae10c4430e83c
[2998.46s] [AID19829382324549930enlT][LOCAL] -/client/trading/api/getTrader/5a7c2eca46aef81a7ca2145d
[2998.47s] [AID19829382324549930enlT][LOCAL] -/client/trading/api/getTrader/5c0647fdd443bc2504c2d371
[2998.99s] [AID19829382324549930enlT][LOCAL] -/client/trading/api/getTraderAssort/54cb57776803fa99248b456e
[2999.04s] [AID19829382324549930enlT][LOCAL] -/client/trading/api/getUserAssortPrice/trader/54cb57776803fa99248b456e
[3002.09s] [AID19829382324549930enlT][LOCAL] -/client/game/profile/items/moving
[3003.14s] [AID19829382324549930enlT][LOCAL] -/client/trading/api/getTraderAssort/5a7c2eca46aef81a7ca2145d
[3003.22s] [AID19829382324549930enlT][LOCAL] -/client/trading/api/getUserAssortPrice/trader/5a7c2eca46aef81a7ca2145d
[3005.51s] [AID19829382324549930enlT][LOCAL] -/client/game/profile/items/moving
[3006.28s] [AID19829382324549930enlT][LOCAL] -/client/trading/api/getTrader/54cb50c76803fa8b248b4571
[3006.31s] [AID19829382324549930enlT][LOCAL] -/client/trading/api/getTrader/58330581ace78e27b8b10cee
[3006.31s] [AID19829382324549930enlT][LOCAL] -/client/trading/api/getTrader/5a7c2eca46aef81a7ca2145d
[3006.33s] [AID19829382324549930enlT][LOCAL] -/client/trading/api/getTrader/5ac3b934156ae10c4430e83c
[3006.34s] [AID19829382324549930enlT][LOCAL] -/client/trading/api/getTrader/5935c25fb3acc3127c3d8cd9
[3006.34s] [AID19829382324549930enlT][LOCAL] -/client/trading/api/getTrader/54cb57776803fa99248b456e
[3006.34s] [AID19829382324549930enlT][LOCAL] -/client/trading/api/getTrader/5c0647fdd443bc2504c2d371
[3006.34s] [AID19829382324549930enlT][LOCAL] -/client/trading/api/getTrader/579dc571d53a0658a154fbec
[3018.96s] [AID19829382324549930enlT][LOCAL] -/client/game/profile/items/moving
[3026.39s] [AID19829382324549930enlT][LOCAL] -/client/game/profile/items/moving
[3027.89s] [AID19829382324549930enlT][LOCAL] -/client/game/profile/items/moving
[3077.78s] [AID19829382324549930enlT][LOCAL] -/client/game/profile/items/moving
[3140.39s] [AID19829382324549930enlT][LOCAL] -/client/game/profile/items/moving
