[0.05s] [ERROR]-Missing files! Rebuilding cache required!
[0.05s] [WARNING]-Rebuilding cache system
[0.51s] [SUCCESS]-Create: Static Response Callbacks
[0.52s] [SUCCESS]-Create: Dynamic Response Callbacks
[0.53s] [SUCCESS]-Create: Cache Callback
[0.54s] [SUCCESS]-Create: Start Callback
[0.54s] [SUCCESS]-Create: Receive Callback
[0.54s] [SUCCESS]-Create: Respond Callback
[0.54s] [SUCCESS]-Create: Classes as global variables
[0.56s] [SUCCESS]-Create: Item Action Callbacks
[0.57s] -┌────────────────────────┐
[0.57s] -│ JustEmuTarkov 1.0.3    │
[0.57s] -│ « discord.gg/T66tGKa » │
[0.57s] -└────────────────────────┘
[3.37s] [SUCCESS]-[LootFix] Settings applied
[3.56s] [SUCCESS]-[MOD] Mk18; Applied
[3.74s] [SUCCESS]-[MOD] UMP; Applied
[3.93s] [SUCCESS]-[MOD] Vector; Applied
[4.12s] [SUCCESS]-[MOD] Arsenal; Applied
[4.25s] [SUCCESS]-[MOD] Arsenal; Applied
[4.44s] [SUCCESS]-[MOD] MCX; Applied
[4.59s] [SUCCESS]-[MOD] MCX; Applied
[5.34s] [SUCCESS]-[MOD] BetterBundles; Applied
[6.17s] [SUCCESS]-[MOD] LootFix; Applied
[6.20s] [SUCCESS]-[MOD] AllItemsExamined; Applied
[6.21s] [SUCCESS]-Server is working at: https://127.0.0.1:443
[6.29s] [LOCAL] -/launcher/server/connect
[16.14s] [LOCAL] -/launcher/profile/register
[25.41s] [LOCAL] -/launcher/profile/register
[25.43s] [LOCAL] -/launcher/profile/login
[25.43s] [LOCAL] -/launcher/profile/get
[25.79s] [AID111810589715856191IdG][LOCAL] -/launcher/profile/login
[25.79s] [AID111810589715856191IdG][LOCAL] -/launcher/profile/get
[31.96s] [LOCAL] -/singleplayer/bundles
[32.62s] [LOCAL] -/singleplayer/bundles
[32.76s] [LOCAL] -/mode/offline
[45.79s] [AID111810589715856191IdG][LOCAL] -/client/game/start
[45.79s] [WARNING]-New account login!
[45.83s] [AID111810589715856191IdG][LOCAL] -/client/menu/locale/en
[45.88s] [AID111810589715856191IdG][LOCAL] -/client/game/version/validate
[45.92s] [AID111810589715856191IdG][LOCAL] -/client/languages
[45.96s] [AID111810589715856191IdG][LOCAL] -/client/game/config
[47.05s] [AID111810589715856191IdG][LOCAL] -/client/items
[58.14s] [AID111810589715856191IdG][LOCAL] -/client/customization
[58.29s] [AID111810589715856191IdG][LOCAL] -/client/globals
[59.17s] [AID111810589715856191IdG][LOCAL] -/client/game/profile/list
[59.24s] [AID111810589715856191IdG][LOCAL] -/client/locale/en
[60.03s] [AID111810589715856191IdG][LOCAL] -/client/locale/ru
[60.47s] [AID111810589715856191IdG][LOCAL] -/client/locale/ge
[60.74s] [AID111810589715856191IdG][LOCAL] -/client/locale/fr
[61.51s] [AID111810589715856191IdG][LOCAL] -/client/game/profile/nickname/reserved
[66.63s] [AID111810589715856191IdG][LOCAL] -/client/game/profile/nickname/validate
[102.12s] [LOCAL] -/launcher/server/connect
[109.98s] [LOCAL] -/singleplayer/bundles
[110.75s] [LOCAL] -/singleplayer/bundles
[110.93s] [LOCAL] -/mode/offline
[124.06s] [AID111810589715856191IdG][LOCAL] -/client/game/start
[124.06s] [WARNING]-New account login!
[124.12s] [AID111810589715856191IdG][LOCAL] -/client/menu/locale/en
[124.17s] [AID111810589715856191IdG][LOCAL] -/client/game/version/validate
[124.21s] [AID111810589715856191IdG][LOCAL] -/client/languages
[124.24s] [AID111810589715856191IdG][LOCAL] -/client/game/config
[125.39s] [AID111810589715856191IdG][LOCAL] -/client/items
[136.31s] [AID111810589715856191IdG][LOCAL] -/client/customization
[136.35s] [AID111810589715856191IdG][LOCAL] -/client/globals
[137.14s] [AID111810589715856191IdG][LOCAL] -/client/game/profile/list
[137.21s] [AID111810589715856191IdG][LOCAL] -/client/locale/en
[138.01s] [AID111810589715856191IdG][LOCAL] -/client/locale/ru
[138.33s] [AID111810589715856191IdG][LOCAL] -/client/locale/ge
[138.75s] [AID111810589715856191IdG][LOCAL] -/client/locale/fr
[139.18s] [AID111810589715856191IdG][LOCAL] -/client/game/profile/nickname/reserved
[142.98s] [AID111810589715856191IdG][LOCAL] -/client/game/profile/nickname/validate
[489.08s] [LOCAL] -/singleplayer/bundles
[489.87s] [LOCAL] -/singleplayer/bundles
[490.03s] [LOCAL] -/mode/offline
[504.09s] [AID111810589715856191IdG][LOCAL] -/client/game/start
[504.10s] [WARNING]-New account login!
[504.15s] [AID111810589715856191IdG][LOCAL] -/client/menu/locale/en
[504.20s] [AID111810589715856191IdG][LOCAL] -/client/game/version/validate
[504.24s] [AID111810589715856191IdG][LOCAL] -/client/languages
[504.27s] [AID111810589715856191IdG][LOCAL] -/client/game/config
[505.53s] [AID111810589715856191IdG][LOCAL] -/client/items
[516.72s] [AID111810589715856191IdG][LOCAL] -/client/customization
[516.75s] [AID111810589715856191IdG][LOCAL] -/client/globals
[517.50s] [AID111810589715856191IdG][LOCAL] -/client/game/profile/list
[517.57s] [AID111810589715856191IdG][LOCAL] -/client/locale/en
[518.38s] [AID111810589715856191IdG][LOCAL] -/client/locale/ru
[518.70s] [AID111810589715856191IdG][LOCAL] -/client/locale/ge
[519.13s] [AID111810589715856191IdG][LOCAL] -/client/locale/fr
[937.78s] [AID111810589715856191IdG][LOCAL] -/client/game/profile/nickname/reserved
[942.87s] [AID111810589715856191IdG][LOCAL] -/client/game/profile/nickname/validate
[1077.74s] [LOCAL] -/singleplayer/bundles
[1078.42s] [LOCAL] -/singleplayer/bundles
[1078.57s] [LOCAL] -/mode/offline
[1091.72s] [AID111810589715856191IdG][LOCAL] -/client/game/start
[1091.72s] [WARNING]-New account login!
[1091.78s] [AID111810589715856191IdG][LOCAL] -/client/menu/locale/en
[1091.83s] [AID111810589715856191IdG][LOCAL] -/client/game/version/validate
[1091.86s] [AID111810589715856191IdG][LOCAL] -/client/languages
[1091.90s] [AID111810589715856191IdG][LOCAL] -/client/game/config
[1093.06s] [AID111810589715856191IdG][LOCAL] -/client/items
[1104.13s] [AID111810589715856191IdG][LOCAL] -/client/customization
[1104.15s] [AID111810589715856191IdG][LOCAL] -/client/globals
[1104.98s] [AID111810589715856191IdG][LOCAL] -/client/game/profile/list
[1105.05s] [AID111810589715856191IdG][LOCAL] -/client/locale/en
[1105.91s] [AID111810589715856191IdG][LOCAL] -/client/locale/ru
[1106.26s] [AID111810589715856191IdG][LOCAL] -/client/locale/ge
[1106.70s] [AID111810589715856191IdG][LOCAL] -/client/locale/fr
[1107.20s] [AID111810589715856191IdG][LOCAL] -/client/game/profile/nickname/reserved
[1115.52s] [AID111810589715856191IdG][LOCAL] -/client/game/profile/nickname/validate
[1127.15s] [AID111810589715856191IdG][LOCAL] -/client/game/profile/create
[1127.33s] [AID111810589715856191IdG][LOCAL] -/client/weather
[1127.36s] [AID111810589715856191IdG][LOCAL] -/client/locations
[1127.38s] [AID111810589715856191IdG][LOCAL] -/client/game/profile/list
[1128.16s] [AID111810589715856191IdG][LOCAL] -/client/game/profile/select
[1128.21s] [AID111810589715856191IdG][LOCAL] -/client/profile/status
[1128.47s] [AID111810589715856191IdG][LOCAL] -/client/handbook/templates
[1134.14s] [AID111810589715856191IdG][LOCAL] -/client/hideout/areas
[1134.36s] [AID111810589715856191IdG][LOCAL] -/client/hideout/settings
[1134.74s] [AID111810589715856191IdG][LOCAL] -/client/hideout/production/recipes
[1134.82s] [AID111810589715856191IdG][LOCAL] -/client/hideout/production/scavcase/recipes
[1136.17s] [AID111810589715856191IdG][LOCAL] -/client/handbook/builds/my/list
[1136.23s] [AID111810589715856191IdG][LOCAL] -/client/quest/list
[1137.77s] [AID111810589715856191IdG][LOCAL] -/client/notifier/channel/create
[1138.99s] [AID111810589715856191IdG][LOCAL] -/client/mail/dialog/list
[1139.02s] [AID111810589715856191IdG][LOCAL] -/client/profile/status
[1139.03s] [AID111810589715856191IdG][LOCAL] -/client/friend/list
[1139.03s] [AID111810589715856191IdG][LOCAL] -/client/friend/request/list/inbox
[1139.03s] [AID111810589715856191IdG][LOCAL] -/client/friend/request/list/outbox
[1139.08s] [AID111810589715856191IdG][LOCAL] -/client/trading/customization/storage
[1139.18s] [AID111810589715856191IdG][LOCAL] -/client/server/list
[1139.18s] [AID111810589715856191IdG][LOCAL] -/client/trading/api/getTradersList
[1139.33s] [AID111810589715856191IdG][LOCAL] -/client/checkVersion
[1143.28s] [AID111810589715856191IdG][LOCAL] -/client/trading/api/getTrader/54cb50c76803fa8b248b4571
[1143.28s] [AID111810589715856191IdG][LOCAL] -/client/trading/api/getTrader/579dc571d53a0658a154fbec
[1143.28s] [AID111810589715856191IdG][LOCAL] -/client/trading/api/getTrader/54cb57776803fa99248b456e
[1143.28s] [AID111810589715856191IdG][LOCAL] -/client/trading/api/getTrader/5c0647fdd443bc2504c2d371
[1143.28s] [AID111810589715856191IdG][LOCAL] -/client/trading/api/getTrader/58330581ace78e27b8b10cee
[1143.28s] [AID111810589715856191IdG][LOCAL] -/client/trading/api/getTrader/5a7c2eca46aef81a7ca2145d
[1143.28s] [AID111810589715856191IdG][LOCAL] -/client/trading/api/getTrader/5ac3b934156ae10c4430e83c
[1143.28s] [AID111810589715856191IdG][LOCAL] -/client/trading/api/getTrader/5935c25fb3acc3127c3d8cd9
[1144.22s] [AID111810589715856191IdG][LOCAL] -/client/ragfair/find
[1158.80s] [AID111810589715856191IdG][LOCAL] -/client/ragfair/find
[1164.19s] [AID111810589715856191IdG][LOCAL] -/client/trading/api/getTrader/58330581ace78e27b8b10cee
[1164.19s] [AID111810589715856191IdG][LOCAL] -/client/trading/api/getTrader/579dc571d53a0658a154fbec
[1164.20s] [AID111810589715856191IdG][LOCAL] -/client/trading/api/getTrader/54cb50c76803fa8b248b4571
[1164.20s] [AID111810589715856191IdG][LOCAL] -/client/trading/api/getTrader/54cb57776803fa99248b456e
[1164.20s] [AID111810589715856191IdG][LOCAL] -/client/trading/api/getTrader/5c0647fdd443bc2504c2d371
[1164.20s] [AID111810589715856191IdG][LOCAL] -/client/trading/api/getTrader/5ac3b934156ae10c4430e83c
[1164.20s] [AID111810589715856191IdG][LOCAL] -/client/trading/api/getTrader/5a7c2eca46aef81a7ca2145d
[1164.20s] [AID111810589715856191IdG][LOCAL] -/client/trading/api/getTrader/5935c25fb3acc3127c3d8cd9
[1202.68s] [AID111810589715856191IdG][LOCAL] -/client/game/profile/items/moving
[1262.37s] [AID111810589715856191IdG][LOCAL] -/client/game/profile/items/moving
[1322.37s] [AID111810589715856191IdG][LOCAL] -/client/game/profile/items/moving
[1367.87s] [AID111810589715856191IdG][LOCAL] -/client/game/profile/items/moving
[1368.58s] [AID111810589715856191IdG][LOCAL] -/client/trading/api/getTrader/54cb57776803fa99248b456e
[1368.62s] [AID111810589715856191IdG][LOCAL] -/client/trading/api/getTrader/579dc571d53a0658a154fbec
[1368.62s] [AID111810589715856191IdG][LOCAL] -/client/trading/api/getTrader/54cb50c76803fa8b248b4571
[1368.62s] [AID111810589715856191IdG][LOCAL] -/client/trading/api/getTrader/5a7c2eca46aef81a7ca2145d
[1368.62s] [AID111810589715856191IdG][LOCAL] -/client/trading/api/getTrader/5c0647fdd443bc2504c2d371
[1368.63s] [AID111810589715856191IdG][LOCAL] -/client/trading/api/getTrader/5ac3b934156ae10c4430e83c
[1368.67s] [AID111810589715856191IdG][LOCAL] -/client/trading/api/getTrader/58330581ace78e27b8b10cee
[1368.67s] [AID111810589715856191IdG][LOCAL] -/client/trading/api/getTrader/5935c25fb3acc3127c3d8cd9
[1369.26s] [AID111810589715856191IdG][LOCAL] -/client/trading/api/getTraderAssort/5ac3b934156ae10c4430e83c
[1369.35s] [AID111810589715856191IdG][LOCAL] -/client/trading/api/getUserAssortPrice/trader/5ac3b934156ae10c4430e83c
[1374.61s] [AID111810589715856191IdG][LOCAL] -/client/game/profile/items/moving
[1374.95s] [AID111810589715856191IdG][LOCAL] -/client/trading/api/getTrader/579dc571d53a0658a154fbec
[1374.99s] [AID111810589715856191IdG][LOCAL] -/client/trading/api/getTrader/58330581ace78e27b8b10cee
[1375.00s] [AID111810589715856191IdG][LOCAL] -/client/trading/api/getTrader/5a7c2eca46aef81a7ca2145d
[1375.00s] [AID111810589715856191IdG][LOCAL] -/client/trading/api/getTrader/54cb50c76803fa8b248b4571
[1375.00s] [AID111810589715856191IdG][LOCAL] -/client/trading/api/getTrader/5935c25fb3acc3127c3d8cd9
[1375.00s] [AID111810589715856191IdG][LOCAL] -/client/trading/api/getTrader/54cb57776803fa99248b456e
[1375.00s] [AID111810589715856191IdG][LOCAL] -/client/trading/api/getTrader/5ac3b934156ae10c4430e83c
[1375.00s] [AID111810589715856191IdG][LOCAL] -/client/trading/api/getTrader/5c0647fdd443bc2504c2d371
[1375.54s] [AID111810589715856191IdG][LOCAL] -/client/trading/api/getTraderAssort/54cb50c76803fa8b248b4571
[1375.61s] [AID111810589715856191IdG][LOCAL] -/client/trading/api/getUserAssortPrice/trader/54cb50c76803fa8b248b4571
[1387.79s] [AID111810589715856191IdG][LOCAL] -/client/game/profile/items/moving
[1398.63s] [AID111810589715856191IdG][LOCAL] -/client/trading/api/getTrader/54cb50c76803fa8b248b4571
[1398.64s] [AID111810589715856191IdG][LOCAL] -/client/trading/api/getTrader/54cb57776803fa99248b456e
[1398.64s] [AID111810589715856191IdG][LOCAL] -/client/trading/api/getTrader/5c0647fdd443bc2504c2d371
[1398.64s] [AID111810589715856191IdG][LOCAL] -/client/trading/api/getTrader/5a7c2eca46aef81a7ca2145d
[1398.64s] [AID111810589715856191IdG][LOCAL] -/client/trading/api/getTrader/5ac3b934156ae10c4430e83c
[1398.64s] [AID111810589715856191IdG][LOCAL] -/client/trading/api/getTrader/579dc571d53a0658a154fbec
[1398.64s] [AID111810589715856191IdG][LOCAL] -/client/trading/api/getTrader/58330581ace78e27b8b10cee
[1398.64s] [AID111810589715856191IdG][LOCAL] -/client/trading/api/getTrader/5935c25fb3acc3127c3d8cd9
[1399.90s] [AID111810589715856191IdG][LOCAL] -/client/ragfair/find
[1403.84s] [AID111810589715856191IdG][LOCAL] -/client/game/profile/items/moving
[1403.87s] [SUCCESS]-Items taken. Status OK.
[1403.87s] [SUCCESS]-Bought item: MCX_lower
[1404.83s] [AID111810589715856191IdG][LOCAL] -/client/trading/api/getTrader/54cb50c76803fa8b248b4571
[1404.88s] [AID111810589715856191IdG][LOCAL] -/client/trading/api/getTrader/5935c25fb3acc3127c3d8cd9
[1404.88s] [AID111810589715856191IdG][LOCAL] -/client/trading/api/getTrader/58330581ace78e27b8b10cee
[1404.88s] [AID111810589715856191IdG][LOCAL] -/client/trading/api/getTrader/5a7c2eca46aef81a7ca2145d
[1404.88s] [AID111810589715856191IdG][LOCAL] -/client/trading/api/getTrader/54cb57776803fa99248b456e
[1404.88s] [AID111810589715856191IdG][LOCAL] -/client/trading/api/getTrader/579dc571d53a0658a154fbec
[1404.88s] [AID111810589715856191IdG][LOCAL] -/client/trading/api/getTrader/5ac3b934156ae10c4430e83c
[1404.88s] [AID111810589715856191IdG][LOCAL] -/client/trading/api/getTrader/5c0647fdd443bc2504c2d371
[1409.24s] [AID111810589715856191IdG][LOCAL] -/client/game/profile/items/moving
[1409.30s] [AID111810589715856191IdG][LOCAL] -/client/ragfair/find
[1411.94s] [AID111810589715856191IdG][LOCAL] -/client/ragfair/find
[1414.27s] [AID111810589715856191IdG][LOCAL] -/client/ragfair/find
[1417.49s] [AID111810589715856191IdG][LOCAL] -/client/game/profile/items/moving
[1417.51s] [SUCCESS]-Items taken. Status OK.
[1417.51s] [SUCCESS]-Bought item: MCX_grip
[1418.40s] [AID111810589715856191IdG][LOCAL] -/client/ragfair/find
[1419.50s] [AID111810589715856191IdG][LOCAL] -/client/game/profile/items/moving
[1419.52s] [SUCCESS]-Items taken. Status OK.
[1419.53s] [SUCCESS]-Bought item: MCX_upper
[1421.27s] [AID111810589715856191IdG][LOCAL] -/client/ragfair/find
[1425.21s] [AID111810589715856191IdG][LOCAL] -/client/game/profile/items/moving
[1425.24s] [SUCCESS]-Items taken. Status OK.
[1425.24s] [SUCCESS]-Bought item: 300BPZ
[1427.28s] [AID111810589715856191IdG][LOCAL] -/client/ragfair/find
[1431.21s] [AID111810589715856191IdG][LOCAL] -/client/game/profile/items/moving
[1431.23s] [SUCCESS]-Items taken. Status OK.
[1431.23s] [SUCCESS]-Bought item: MCX_stock_2
[1432.07s] [AID111810589715856191IdG][LOCAL] -/client/ragfair/find
[1440.32s] [AID111810589715856191IdG][LOCAL] -/client/game/profile/items/moving
[1440.34s] [SUCCESS]-Items taken. Status OK.
[1440.35s] [SUCCESS]-Bought item: 5448c1d04bdc2dff2f8b4569
[1441.05s] [AID111810589715856191IdG][LOCAL] -/client/ragfair/find
[1442.11s] [AID111810589715856191IdG][LOCAL] -/client/game/profile/items/moving
[1442.14s] [SUCCESS]-Items taken. Status OK.
[1442.14s] [SUCCESS]-Bought item: MCX_charge
[1447.27s] [AID111810589715856191IdG][LOCAL] -/client/ragfair/find
[1449.60s] [AID111810589715856191IdG][LOCAL] -/client/ragfair/find
[1451.57s] [AID111810589715856191IdG][LOCAL] -/client/game/profile/items/moving
[1451.60s] [SUCCESS]-Items taken. Status OK.
[1451.60s] [SUCCESS]-Bought item: MCX_barrel_1
[1452.47s] [AID111810589715856191IdG][LOCAL] -/client/ragfair/find
[1454.13s] [AID111810589715856191IdG][LOCAL] -/client/game/profile/items/moving
[1454.15s] [SUCCESS]-Items taken. Status OK.
[1454.15s] [SUCCESS]-Bought item: MCX_handguard_2
[1455.17s] [AID111810589715856191IdG][LOCAL] -/client/ragfair/find
[1465.05s] [AID111810589715856191IdG][LOCAL] -/client/ragfair/find
[1466.96s] [AID111810589715856191IdG][LOCAL] -/client/ragfair/find
[1482.51s] [AID111810589715856191IdG][LOCAL] -/client/game/profile/items/moving
[1482.53s] [AID111810589715856191IdG][LOCAL] -/client/ragfair/find
[1482.54s] [WARNING]-Item 5fbc22ccf24b94483f726483 does not exist
[1482.54s] [WARNING]-Item 5fbe7618d6fa9c00c571bb6c does not exist
[1484.62s] [AID111810589715856191IdG][LOCAL] -/client/game/profile/items/moving
[1484.65s] [SUCCESS]-Items taken. Status OK.
[1484.65s] [SUCCESS]-Bought item: 5c7954d52e221600106f4cc7
[1485.33s] [AID111810589715856191IdG][LOCAL] -/client/game/profile/items/moving
[1485.36s] [SUCCESS]-Items taken. Status OK.
[1485.36s] [SUCCESS]-Bought item: MCX_gasblock
[1490.99s] [AID111810589715856191IdG][LOCAL] -/client/game/profile/items/moving
[1491.76s] [AID111810589715856191IdG][LOCAL] -/client/game/profile/items/moving
[1493.64s] [AID111810589715856191IdG][LOCAL] -/client/game/profile/items/moving
[1515.48s] [AID111810589715856191IdG][LOCAL] -/client/game/profile/items/moving
[1515.51s] [AID111810589715856191IdG][LOCAL] -/client/ragfair/find
[1522.39s] [AID111810589715856191IdG][LOCAL] -/client/ragfair/find
[1528.85s] [AID111810589715856191IdG][LOCAL] -/client/ragfair/find
[1537.13s] [AID111810589715856191IdG][LOCAL] -/client/game/profile/items/moving
[1537.15s] [SUCCESS]-Items taken. Status OK.
[1537.15s] [SUCCESS]-Bought item: 544a5caa4bdc2d1a388b4568
[1538.62s] [AID111810589715856191IdG][LOCAL] -/client/ragfair/find
[1538.99s] [AID111810589715856191IdG][LOCAL] -/client/ragfair/find
[1545.02s] [AID111810589715856191IdG][LOCAL] -/client/game/profile/items/moving
[1545.05s] [SUCCESS]-Items taken. Status OK.
[1545.05s] [SUCCESS]-Bought item: 5645bcc04bdc2d363b8b4572
[1547.04s] [AID111810589715856191IdG][LOCAL] -/client/ragfair/find
[1553.63s] [AID111810589715856191IdG][LOCAL] -/client/game/profile/items/moving
[1553.65s] [SUCCESS]-Items taken. Status OK.
[1553.66s] [SUCCESS]-Bought item: Combatbox
[1555.86s] [AID111810589715856191IdG][LOCAL] -/client/ragfair/find
[1559.71s] [AID111810589715856191IdG][LOCAL] -/client/game/profile/items/moving
[1559.73s] [SUCCESS]-Items taken. Status OK.
[1559.73s] [SUCCESS]-Bought item: 5ab8ebf186f7742d8b372e80
[1565.56s] [AID111810589715856191IdG][LOCAL] -/client/ragfair/find
[1614.92s] [AID111810589715856191IdG][LOCAL] -/client/game/profile/items/moving
[1621.77s] [AID111810589715856191IdG][LOCAL] -/client/trading/api/getTrader/5a7c2eca46aef81a7ca2145d
[1621.77s] [AID111810589715856191IdG][LOCAL] -/client/trading/api/getTrader/579dc571d53a0658a154fbec
[1621.77s] [AID111810589715856191IdG][LOCAL] -/client/trading/api/getTrader/5ac3b934156ae10c4430e83c
[1621.77s] [AID111810589715856191IdG][LOCAL] -/client/trading/api/getTrader/5935c25fb3acc3127c3d8cd9
[1621.78s] [AID111810589715856191IdG][LOCAL] -/client/trading/api/getTrader/5c0647fdd443bc2504c2d371
[1621.78s] [AID111810589715856191IdG][LOCAL] -/client/trading/api/getTrader/58330581ace78e27b8b10cee
[1621.78s] [AID111810589715856191IdG][LOCAL] -/client/trading/api/getTrader/54cb50c76803fa8b248b4571
[1621.78s] [AID111810589715856191IdG][LOCAL] -/client/trading/api/getTrader/54cb57776803fa99248b456e
[1622.86s] [AID111810589715856191IdG][LOCAL] -/client/ragfair/find
[1627.41s] [AID111810589715856191IdG][LOCAL] -/client/ragfair/find
[1634.05s] [AID111810589715856191IdG][LOCAL] -/client/game/profile/items/moving
[1634.07s] [SUCCESS]-Items taken. Status OK.
[1634.07s] [SUCCESS]-Bought item: 57513fcc24597720a31c09a6
[1634.97s] [AID111810589715856191IdG][LOCAL] -/client/ragfair/find
[1641.28s] [AID111810589715856191IdG][LOCAL] -/client/game/profile/items/moving
[1641.31s] [SUCCESS]-Items taken. Status OK.
[1641.31s] [SUCCESS]-Bought item: 590c5f0d86f77413997acfab
[1647.31s] [AID111810589715856191IdG][LOCAL] -/client/ragfair/find
[1652.05s] [AID111810589715856191IdG][LOCAL] -/client/trading/api/getTrader/54cb57776803fa99248b456e
[1652.09s] [AID111810589715856191IdG][LOCAL] -/client/trading/api/getTrader/54cb50c76803fa8b248b4571
[1652.09s] [AID111810589715856191IdG][LOCAL] -/client/trading/api/getTrader/58330581ace78e27b8b10cee
[1652.09s] [AID111810589715856191IdG][LOCAL] -/client/trading/api/getTrader/5935c25fb3acc3127c3d8cd9
[1652.09s] [AID111810589715856191IdG][LOCAL] -/client/trading/api/getTrader/5c0647fdd443bc2504c2d371
[1652.09s] [AID111810589715856191IdG][LOCAL] -/client/trading/api/getTrader/5ac3b934156ae10c4430e83c
[1652.09s] [AID111810589715856191IdG][LOCAL] -/client/trading/api/getTrader/579dc571d53a0658a154fbec
[1652.14s] [AID111810589715856191IdG][LOCAL] -/client/trading/api/getTrader/5a7c2eca46aef81a7ca2145d
[1652.84s] [AID111810589715856191IdG][LOCAL] -/client/trading/api/getTraderAssort/5935c25fb3acc3127c3d8cd9
[1652.91s] [AID111810589715856191IdG][LOCAL] -/client/trading/api/getUserAssortPrice/trader/5935c25fb3acc3127c3d8cd9
[1656.25s] [AID111810589715856191IdG][LOCAL] -/client/game/profile/items/moving
[1656.25s] [SUCCESS]-Items taken. Status OK.
[1656.25s] [SUCCESS]-Bought item: 5f004c021b27f811e5317c0f
[1656.31s] [AID111810589715856191IdG][LOCAL] -/client/trading/api/getTraderAssort/5935c25fb3acc3127c3d8cd9
[1656.37s] [AID111810589715856191IdG][LOCAL] -/client/trading/api/getUserAssortPrice/trader/5935c25fb3acc3127c3d8cd9
[1659.61s] [AID111810589715856191IdG][LOCAL] -/client/game/profile/items/moving
[1659.61s] [SUCCESS]-Items taken. Status OK.
[1659.61s] [SUCCESS]-Bought item: 5f004bf41b27f811e5317b32
[1659.67s] [AID111810589715856191IdG][LOCAL] -/client/trading/api/getTraderAssort/5935c25fb3acc3127c3d8cd9
[1659.72s] [AID111810589715856191IdG][LOCAL] -/client/trading/api/getUserAssortPrice/trader/5935c25fb3acc3127c3d8cd9
[1661.38s] [AID111810589715856191IdG][LOCAL] -/client/trading/api/getTrader/54cb50c76803fa8b248b4571
[1661.42s] [AID111810589715856191IdG][LOCAL] -/client/trading/api/getTrader/5935c25fb3acc3127c3d8cd9
[1661.43s] [AID111810589715856191IdG][LOCAL] -/client/trading/api/getTrader/579dc571d53a0658a154fbec
[1661.43s] [AID111810589715856191IdG][LOCAL] -/client/trading/api/getTrader/5ac3b934156ae10c4430e83c
[1661.43s] [AID111810589715856191IdG][LOCAL] -/client/trading/api/getTrader/58330581ace78e27b8b10cee
[1661.43s] [AID111810589715856191IdG][LOCAL] -/client/trading/api/getTrader/54cb57776803fa99248b456e
[1661.43s] [AID111810589715856191IdG][LOCAL] -/client/trading/api/getTrader/5a7c2eca46aef81a7ca2145d
[1661.43s] [AID111810589715856191IdG][LOCAL] -/client/trading/api/getTrader/5c0647fdd443bc2504c2d371
[1680.94s] [AID111810589715856191IdG][LOCAL] -/client/game/profile/items/moving
[1680.96s] [AID111810589715856191IdG][LOCAL] -/client/ragfair/find
[1680.97s] [WARNING]-Item 5fb6567747ce63734e3fa1dc does not exist
[1680.97s] [WARNING]-Item 5fc0fa362770a0045c59c677 does not exist
[1680.97s] [WARNING]-Item 5fc0f9b5d724d907e2077d82 does not exist
[1680.97s] [WARNING]-Item 5fc0f9cbd6fa9c00c571bb90 does not exist
[1685.14s] [AID111810589715856191IdG][LOCAL] -/client/ragfair/find
[1685.91s] [AID111810589715856191IdG][LOCAL] -/client/ragfair/find
[1689.53s] [AID111810589715856191IdG][LOCAL] -/client/game/profile/items/moving
[1689.55s] [SUCCESS]-Items taken. Status OK.
[1689.55s] [SUCCESS]-Bought item: 5a9d6d13a2750c00164f6b03
[1692.53s] [AID111810589715856191IdG][LOCAL] -/client/ragfair/find
[1701.99s] [AID111810589715856191IdG][LOCAL] -/client/game/profile/items/moving
[1702.01s] [SUCCESS]-Items taken. Status OK.
[1702.01s] [SUCCESS]-Bought item: 5c1bc5612e221602b5429350
[1712.08s] [AID111810589715856191IdG][LOCAL] -/client/game/profile/items/moving
[1713.21s] [AID111810589715856191IdG][LOCAL] -/client/trading/api/getTrader/54cb57776803fa99248b456e
[1713.25s] [AID111810589715856191IdG][LOCAL] -/client/trading/api/getTrader/58330581ace78e27b8b10cee
[1713.25s] [AID111810589715856191IdG][LOCAL] -/client/trading/api/getTrader/54cb50c76803fa8b248b4571
[1713.25s] [AID111810589715856191IdG][LOCAL] -/client/trading/api/getTrader/5935c25fb3acc3127c3d8cd9
[1713.26s] [AID111810589715856191IdG][LOCAL] -/client/trading/api/getTrader/5a7c2eca46aef81a7ca2145d
[1713.26s] [AID111810589715856191IdG][LOCAL] -/client/trading/api/getTrader/5ac3b934156ae10c4430e83c
[1713.26s] [AID111810589715856191IdG][LOCAL] -/client/trading/api/getTrader/579dc571d53a0658a154fbec
[1713.26s] [AID111810589715856191IdG][LOCAL] -/client/trading/api/getTrader/5c0647fdd443bc2504c2d371
[1714.26s] [AID111810589715856191IdG][LOCAL] -/client/trading/api/getTraderAssort/54cb50c76803fa8b248b4571
[1714.33s] [AID111810589715856191IdG][LOCAL] -/client/trading/api/getUserAssortPrice/trader/54cb50c76803fa8b248b4571
[1715.58s] [AID111810589715856191IdG][LOCAL] -/client/game/profile/items/moving
[1715.81s] [AID111810589715856191IdG][LOCAL] -/client/mail/dialog/info
[1717.09s] [AID111810589715856191IdG][LOCAL] -/client/trading/api/getTraderAssort/54cb57776803fa99248b456e
[1717.14s] [AID111810589715856191IdG][LOCAL] -/client/trading/api/getUserAssortPrice/trader/54cb57776803fa99248b456e
[1718.26s] [AID111810589715856191IdG][LOCAL] -/client/game/profile/items/moving
[1718.56s] [AID111810589715856191IdG][LOCAL] -/client/mail/dialog/info
[1718.77s] [AID111810589715856191IdG][LOCAL] -/client/trading/api/getTrader/58330581ace78e27b8b10cee
[1718.81s] [AID111810589715856191IdG][LOCAL] -/client/trading/api/getTrader/54cb57776803fa99248b456e
[1718.81s] [AID111810589715856191IdG][LOCAL] -/client/trading/api/getTrader/5935c25fb3acc3127c3d8cd9
[1718.81s] [AID111810589715856191IdG][LOCAL] -/client/trading/api/getTrader/5ac3b934156ae10c4430e83c
[1718.81s] [AID111810589715856191IdG][LOCAL] -/client/trading/api/getTrader/5a7c2eca46aef81a7ca2145d
[1718.81s] [AID111810589715856191IdG][LOCAL] -/client/trading/api/getTrader/579dc571d53a0658a154fbec
[1718.81s] [AID111810589715856191IdG][LOCAL] -/client/trading/api/getTrader/54cb50c76803fa8b248b4571
[1718.81s] [AID111810589715856191IdG][LOCAL] -/client/trading/api/getTrader/5c0647fdd443bc2504c2d371
[1719.32s] [AID111810589715856191IdG][LOCAL] -/client/trading/api/getTraderAssort/58330581ace78e27b8b10cee
[1719.37s] [AID111810589715856191IdG][LOCAL] -/client/trading/api/getUserAssortPrice/trader/58330581ace78e27b8b10cee
[1722.81s] [AID111810589715856191IdG][LOCAL] -/client/trading/api/getTraderAssort/54cb50c76803fa8b248b4571
[1722.89s] [AID111810589715856191IdG][LOCAL] -/client/trading/api/getUserAssortPrice/trader/54cb50c76803fa8b248b4571
[1724.77s] [AID111810589715856191IdG][LOCAL] -/client/trading/api/getTrader/5935c25fb3acc3127c3d8cd9
[1724.82s] [AID111810589715856191IdG][LOCAL] -/client/trading/api/getTrader/579dc571d53a0658a154fbec
[1724.82s] [AID111810589715856191IdG][LOCAL] -/client/trading/api/getTrader/54cb50c76803fa8b248b4571
[1724.82s] [AID111810589715856191IdG][LOCAL] -/client/trading/api/getTrader/5a7c2eca46aef81a7ca2145d
[1724.82s] [AID111810589715856191IdG][LOCAL] -/client/trading/api/getTrader/54cb57776803fa99248b456e
[1724.83s] [AID111810589715856191IdG][LOCAL] -/client/trading/api/getTrader/58330581ace78e27b8b10cee
[1724.83s] [AID111810589715856191IdG][LOCAL] -/client/trading/api/getTrader/5ac3b934156ae10c4430e83c
[1724.83s] [AID111810589715856191IdG][LOCAL] -/client/trading/api/getTrader/5c0647fdd443bc2504c2d371
[1725.31s] [AID111810589715856191IdG][LOCAL] -/client/trading/api/getTraderAssort/5a7c2eca46aef81a7ca2145d
[1725.39s] [AID111810589715856191IdG][LOCAL] -/client/trading/api/getUserAssortPrice/trader/5a7c2eca46aef81a7ca2145d
[1736.35s] [LOCAL] -/singleplayer/settings/raid/menu
[1738.12s] [AID111810589715856191IdG][LOCAL] -/client/insurance/items/list/cost
[1912.05s] [LOCAL] -/singleplayer/settings/bot/limit/followerBully
[1912.06s] [LOCAL] -/singleplayer/settings/bot/limit/followerGluharScout
[1912.07s] [LOCAL] -/singleplayer/settings/bot/limit/followerGluharSecurity
[1912.09s] [LOCAL] -/singleplayer/settings/bot/limit/followerGluharAssault
[1912.10s] [LOCAL] -/singleplayer/settings/bot/limit/marksman
[1912.11s] [LOCAL] -/singleplayer/settings/bot/limit/followerGluharScout
[1912.13s] [LOCAL] -/singleplayer/settings/bot/limit/followerGluharAssault
[1912.14s] [LOCAL] -/singleplayer/settings/bot/limit/followerBully
[1912.15s] [LOCAL] -/singleplayer/settings/bot/limit/bossBully
[1912.17s] [LOCAL] -/singleplayer/settings/bot/limit/pmcBot
[1912.23s] [AID111810589715856191IdG][LOCAL] -/client/game/bot/generate
[4252.49s] [AID111810589715856191IdG][LOCAL] -/raid/profile/save
[4252.50s] [ERROR]-insurance Disabled!! cause of varaible undefined or file not found. Check line 249-250 at src/classes/offraid.js
[4252.50s] [ERROR]-Disabling: Remove map key on entering, cause of offraid_f.handler.players[sessionID] is undefined
[4261.45s] [AID111810589715856191IdG][LOCAL] -/client/game/profile/list
[4278.19s] [AID111810589715856191IdG][LOCAL] -/client/trading/api/getTradersList
[4280.46s] [AID111810589715856191IdG][LOCAL] -/client/game/profile/items/moving
[4280.47s] [SUCCESS]-Items taken. Status OK.
[4287.46s] [AID111810589715856191IdG][LOCAL] -/client/items
[4294.91s] [AID111810589715856191IdG][LOCAL] -/client/globals
[4294.91s] [AID111810589715856191IdG][LOCAL] -/client/customization
[4295.13s] [AID111810589715856191IdG][LOCAL] -/client/game/profile/list
[4295.28s] [AID111810589715856191IdG][LOCAL] -/client/game/profile/select
[4295.31s] [AID111810589715856191IdG][LOCAL] -/client/profile/status
[4295.36s] [AID111810589715856191IdG][LOCAL] -/client/game/profile/select
[4295.36s] [AID111810589715856191IdG][LOCAL] -/client/weather
[4295.39s] [AID111810589715856191IdG][LOCAL] -/client/locations
[4295.42s] [AID111810589715856191IdG][LOCAL] -/client/profile/status
[4295.76s] [AID111810589715856191IdG][LOCAL] -/client/handbook/templates
[4300.22s] [AID111810589715856191IdG][LOCAL] -/client/hideout/areas
[4300.31s] [AID111810589715856191IdG][LOCAL] -/client/hideout/settings
[4303.65s] [AID111810589715856191IdG][LOCAL] -/client/hideout/production/recipes
[4303.72s] [AID111810589715856191IdG][LOCAL] -/client/hideout/production/scavcase/recipes
[4304.52s] [AID111810589715856191IdG][LOCAL] -/client/handbook/builds/my/list
[4306.47s] [AID111810589715856191IdG][LOCAL] -/client/quest/list
[4308.12s] [AID111810589715856191IdG][LOCAL] -/client/notifier/channel/create
[4309.07s] [AID111810589715856191IdG][LOCAL] -/client/mail/dialog/list
[4309.12s] [AID111810589715856191IdG][LOCAL] -/client/friend/request/list/inbox
[4309.12s] [AID111810589715856191IdG][LOCAL] -/client/friend/list
[4309.12s] [AID111810589715856191IdG][LOCAL] -/client/friend/request/list/outbox
[4309.12s] [AID111810589715856191IdG][LOCAL] -/client/profile/status
[4309.12s] [AID111810589715856191IdG][LOCAL] -/client/trading/customization/storage
[4309.22s] [AID111810589715856191IdG][LOCAL] -/client/server/list
[4309.23s] [AID111810589715856191IdG][LOCAL] -/client/trading/api/getTradersList
[4309.27s] [AID111810589715856191IdG][LOCAL] -/client/checkVersion
[4340.52s] [AID111810589715856191IdG][LOCAL] -/client/game/profile/items/moving
[4393.30s] [AID111810589715856191IdG][LOCAL] -/client/game/profile/items/moving
[4453.32s] [AID111810589715856191IdG][LOCAL] -/client/game/profile/items/moving
[4513.33s] [AID111810589715856191IdG][LOCAL] -/client/game/profile/items/moving
[4556.31s] [AID111810589715856191IdG][LOCAL] -/client/game/profile/items/moving
[4557.38s] [AID111810589715856191IdG][LOCAL] -/client/trading/api/getTrader/54cb57776803fa99248b456e
[4557.42s] [AID111810589715856191IdG][LOCAL] -/client/trading/api/getTrader/58330581ace78e27b8b10cee
[4557.42s] [AID111810589715856191IdG][LOCAL] -/client/trading/api/getTrader/5ac3b934156ae10c4430e83c
[4557.42s] [AID111810589715856191IdG][LOCAL] -/client/trading/api/getTrader/54cb50c76803fa8b248b4571
[4557.42s] [AID111810589715856191IdG][LOCAL] -/client/trading/api/getTrader/5c0647fdd443bc2504c2d371
[4557.42s] [AID111810589715856191IdG][LOCAL] -/client/trading/api/getTrader/5a7c2eca46aef81a7ca2145d
[4557.42s] [AID111810589715856191IdG][LOCAL] -/client/trading/api/getTrader/579dc571d53a0658a154fbec
[4557.85s] [AID111810589715856191IdG][LOCAL] -/client/trading/api/getTraderAssort/54cb57776803fa99248b456e
[4557.99s] [AID111810589715856191IdG][LOCAL] -/client/trading/api/getUserAssortPrice/trader/54cb57776803fa99248b456e
[4561.75s] [AID111810589715856191IdG][LOCAL] -/client/game/profile/items/moving
[4563.27s] [AID111810589715856191IdG][LOCAL] -/client/trading/api/getTraderAssort/54cb50c76803fa8b248b4571
[4563.34s] [AID111810589715856191IdG][LOCAL] -/client/trading/api/getUserAssortPrice/trader/54cb50c76803fa8b248b4571
[4564.93s] [AID111810589715856191IdG][LOCAL] -/client/trading/api/getTrader/54cb50c76803fa8b248b4571
[4564.97s] [AID111810589715856191IdG][LOCAL] -/client/trading/api/getTrader/579dc571d53a0658a154fbec
[4564.97s] [AID111810589715856191IdG][LOCAL] -/client/trading/api/getTrader/5ac3b934156ae10c4430e83c
[4564.97s] [AID111810589715856191IdG][LOCAL] -/client/trading/api/getTrader/58330581ace78e27b8b10cee
[4564.97s] [AID111810589715856191IdG][LOCAL] -/client/trading/api/getTrader/5a7c2eca46aef81a7ca2145d
[4564.97s] [AID111810589715856191IdG][LOCAL] -/client/trading/api/getTrader/5c0647fdd443bc2504c2d371
[4564.97s] [AID111810589715856191IdG][LOCAL] -/client/trading/api/getTrader/54cb57776803fa99248b456e
[4565.87s] [AID111810589715856191IdG][LOCAL] -/client/ragfair/find
[4568.37s] [AID111810589715856191IdG][LOCAL] -/client/ragfair/find
[4573.74s] [AID111810589715856191IdG][LOCAL] -/client/ragfair/find
[4576.75s] [AID111810589715856191IdG][LOCAL] -/client/game/profile/items/moving
[4576.77s] [SUCCESS]-Items taken. Status OK.
[4576.77s] [SUCCESS]-Bought item: 584148f2245977598f1ad387
[4577.18s] [AID111810589715856191IdG][LOCAL] -/client/game/profile/items/moving
[4577.20s] [SUCCESS]-Items taken. Status OK.
[4577.20s] [SUCCESS]-Bought item: 584148f2245977598f1ad387
[4578.48s] [AID111810589715856191IdG][LOCAL] -/client/trading/api/getTrader/58330581ace78e27b8b10cee
[4578.51s] [AID111810589715856191IdG][LOCAL] -/client/trading/api/getTrader/54cb57776803fa99248b456e
[4578.51s] [AID111810589715856191IdG][LOCAL] -/client/trading/api/getTrader/54cb50c76803fa8b248b4571
[4578.53s] [AID111810589715856191IdG][LOCAL] -/client/trading/api/getTrader/5a7c2eca46aef81a7ca2145d
[4578.54s] [AID111810589715856191IdG][LOCAL] -/client/trading/api/getTrader/5c0647fdd443bc2504c2d371
[4578.54s] [AID111810589715856191IdG][LOCAL] -/client/trading/api/getTrader/5ac3b934156ae10c4430e83c
[4578.54s] [AID111810589715856191IdG][LOCAL] -/client/trading/api/getTrader/579dc571d53a0658a154fbec
[4579.28s] [AID111810589715856191IdG][LOCAL] -/client/trading/api/getTraderAssort/54cb50c76803fa8b248b4571
[4579.35s] [AID111810589715856191IdG][LOCAL] -/client/trading/api/getUserAssortPrice/trader/54cb50c76803fa8b248b4571
[4582.83s] [AID111810589715856191IdG][LOCAL] -/client/game/profile/items/moving
[4583.59s] [AID111810589715856191IdG][LOCAL] -/client/game/profile/items/moving
[4586.04s] [AID111810589715856191IdG][LOCAL] -/client/game/profile/items/moving
[4586.89s] [AID111810589715856191IdG][LOCAL] -/client/trading/api/getTrader/54cb50c76803fa8b248b4571
[4586.92s] [AID111810589715856191IdG][LOCAL] -/client/trading/api/getTrader/5ac3b934156ae10c4430e83c
[4586.92s] [AID111810589715856191IdG][LOCAL] -/client/trading/api/getTrader/579dc571d53a0658a154fbec
[4586.94s] [AID111810589715856191IdG][LOCAL] -/client/trading/api/getTrader/5a7c2eca46aef81a7ca2145d
[4586.94s] [AID111810589715856191IdG][LOCAL] -/client/trading/api/getTrader/5c0647fdd443bc2504c2d371
[4586.94s] [AID111810589715856191IdG][LOCAL] -/client/trading/api/getTrader/58330581ace78e27b8b10cee
[4586.94s] [AID111810589715856191IdG][LOCAL] -/client/trading/api/getTrader/54cb57776803fa99248b456e
[4587.53s] [AID111810589715856191IdG][LOCAL] -/client/ragfair/find
[4597.65s] [AID111810589715856191IdG][LOCAL] -/client/ragfair/find
[4598.83s] [AID111810589715856191IdG][LOCAL] -/client/game/profile/items/moving
[4598.86s] [SUCCESS]-Items taken. Status OK.
[4598.86s] [SUCCESS]-Bought item: 5937ee6486f77408994ba448
[4599.25s] [AID111810589715856191IdG][LOCAL] -/client/trading/api/getTrader/579dc571d53a0658a154fbec
[4599.28s] [AID111810589715856191IdG][LOCAL] -/client/trading/api/getTrader/54cb50c76803fa8b248b4571
[4599.28s] [AID111810589715856191IdG][LOCAL] -/client/trading/api/getTrader/5a7c2eca46aef81a7ca2145d
[4599.28s] [AID111810589715856191IdG][LOCAL] -/client/trading/api/getTrader/5c0647fdd443bc2504c2d371
[4599.31s] [AID111810589715856191IdG][LOCAL] -/client/trading/api/getTrader/54cb57776803fa99248b456e
[4599.32s] [AID111810589715856191IdG][LOCAL] -/client/trading/api/getTrader/58330581ace78e27b8b10cee
[4599.32s] [AID111810589715856191IdG][LOCAL] -/client/trading/api/getTrader/5ac3b934156ae10c4430e83c
[4603.70s] [AID111810589715856191IdG][LOCAL] -/client/game/profile/items/moving
[4604.43s] [AID111810589715856191IdG][LOCAL] -/client/trading/api/getTrader/54cb57776803fa99248b456e
[4604.47s] [AID111810589715856191IdG][LOCAL] -/client/trading/api/getTrader/579dc571d53a0658a154fbec
[4604.47s] [AID111810589715856191IdG][LOCAL] -/client/trading/api/getTrader/54cb50c76803fa8b248b4571
[4604.47s] [AID111810589715856191IdG][LOCAL] -/client/trading/api/getTrader/58330581ace78e27b8b10cee
[4604.47s] [AID111810589715856191IdG][LOCAL] -/client/trading/api/getTrader/5a7c2eca46aef81a7ca2145d
[4604.47s] [AID111810589715856191IdG][LOCAL] -/client/trading/api/getTrader/5c0647fdd443bc2504c2d371
[4604.52s] [AID111810589715856191IdG][LOCAL] -/client/trading/api/getTrader/5ac3b934156ae10c4430e83c
[4605.25s] [AID111810589715856191IdG][LOCAL] -/client/trading/api/getTraderAssort/54cb50c76803fa8b248b4571
[4605.35s] [AID111810589715856191IdG][LOCAL] -/client/trading/api/getUserAssortPrice/trader/54cb50c76803fa8b248b4571
[4610.78s] [AID111810589715856191IdG][LOCAL] -/client/game/profile/items/moving
[4611.34s] [AID111810589715856191IdG][LOCAL] -/client/trading/api/getTrader/54cb50c76803fa8b248b4571
[4611.37s] [AID111810589715856191IdG][LOCAL] -/client/trading/api/getTrader/579dc571d53a0658a154fbec
[4611.38s] [AID111810589715856191IdG][LOCAL] -/client/trading/api/getTrader/5a7c2eca46aef81a7ca2145d
[4611.38s] [AID111810589715856191IdG][LOCAL] -/client/trading/api/getTrader/54cb57776803fa99248b456e
[4611.38s] [AID111810589715856191IdG][LOCAL] -/client/trading/api/getTrader/58330581ace78e27b8b10cee
[4611.38s] [AID111810589715856191IdG][LOCAL] -/client/trading/api/getTrader/5ac3b934156ae10c4430e83c
[4611.38s] [AID111810589715856191IdG][LOCAL] -/client/trading/api/getTrader/5c0647fdd443bc2504c2d371
[4611.97s] [AID111810589715856191IdG][LOCAL] -/client/trading/api/getTraderAssort/54cb57776803fa99248b456e
[4612.01s] [AID111810589715856191IdG][LOCAL] -/client/trading/api/getUserAssortPrice/trader/54cb57776803fa99248b456e
[4616.99s] [AID111810589715856191IdG][LOCAL] -/client/game/profile/items/moving
[4617.36s] [AID111810589715856191IdG][LOCAL] -/client/trading/api/getTrader/58330581ace78e27b8b10cee
[4617.40s] [AID111810589715856191IdG][LOCAL] -/client/trading/api/getTrader/54cb57776803fa99248b456e
[4617.41s] [AID111810589715856191IdG][LOCAL] -/client/trading/api/getTrader/5ac3b934156ae10c4430e83c
[4617.41s] [AID111810589715856191IdG][LOCAL] -/client/trading/api/getTrader/5a7c2eca46aef81a7ca2145d
[4617.41s] [AID111810589715856191IdG][LOCAL] -/client/trading/api/getTrader/5c0647fdd443bc2504c2d371
[4617.41s] [AID111810589715856191IdG][LOCAL] -/client/trading/api/getTrader/54cb50c76803fa8b248b4571
[4617.41s] [AID111810589715856191IdG][LOCAL] -/client/trading/api/getTrader/579dc571d53a0658a154fbec
[4618.01s] [AID111810589715856191IdG][LOCAL] -/client/trading/api/getTraderAssort/5a7c2eca46aef81a7ca2145d
[4618.08s] [AID111810589715856191IdG][LOCAL] -/client/trading/api/getUserAssortPrice/trader/5a7c2eca46aef81a7ca2145d
[4620.11s] [AID111810589715856191IdG][LOCAL] -/client/game/profile/items/moving
[4621.26s] [AID111810589715856191IdG][LOCAL] -/client/trading/api/getTraderAssort/58330581ace78e27b8b10cee
[4621.32s] [AID111810589715856191IdG][LOCAL] -/client/trading/api/getUserAssortPrice/trader/58330581ace78e27b8b10cee
[4622.83s] [AID111810589715856191IdG][LOCAL] -/client/trading/api/getTraderAssort/5ac3b934156ae10c4430e83c
[4622.89s] [AID111810589715856191IdG][LOCAL] -/client/trading/api/getUserAssortPrice/trader/5ac3b934156ae10c4430e83c
[4624.77s] [AID111810589715856191IdG][LOCAL] -/client/game/profile/items/moving
[4629.30s] [AID111810589715856191IdG][LOCAL] -/client/trading/api/getTrader/54cb50c76803fa8b248b4571
[4629.34s] [AID111810589715856191IdG][LOCAL] -/client/trading/api/getTrader/58330581ace78e27b8b10cee
[4629.34s] [AID111810589715856191IdG][LOCAL] -/client/trading/api/getTrader/579dc571d53a0658a154fbec
[4629.34s] [AID111810589715856191IdG][LOCAL] -/client/trading/api/getTrader/54cb57776803fa99248b456e
[4629.34s] [AID111810589715856191IdG][LOCAL] -/client/trading/api/getTrader/5a7c2eca46aef81a7ca2145d
[4629.34s] [AID111810589715856191IdG][LOCAL] -/client/trading/api/getTrader/5ac3b934156ae10c4430e83c
[4629.34s] [AID111810589715856191IdG][LOCAL] -/client/trading/api/getTrader/5c0647fdd443bc2504c2d371
[4630.28s] [AID111810589715856191IdG][LOCAL] -/client/trading/api/getTraderAssort/5ac3b934156ae10c4430e83c
[4630.32s] [AID111810589715856191IdG][LOCAL] -/client/trading/api/getUserAssortPrice/trader/5ac3b934156ae10c4430e83c
[4634.83s] [AID111810589715856191IdG][LOCAL] -/client/game/profile/items/moving
[4636.96s] [AID111810589715856191IdG][LOCAL] -/client/trading/api/getTrader/5ac3b934156ae10c4430e83c
[4637.52s] [AID111810589715856191IdG][LOCAL] -/client/game/profile/items/moving
[4642.66s] [AID111810589715856191IdG][LOCAL] -/client/trading/api/getTrader/54cb57776803fa99248b456e
[4642.66s] [AID111810589715856191IdG][LOCAL] -/client/trading/api/getTrader/54cb50c76803fa8b248b4571
[4642.66s] [AID111810589715856191IdG][LOCAL] -/client/trading/api/getTrader/5a7c2eca46aef81a7ca2145d
[4642.66s] [AID111810589715856191IdG][LOCAL] -/client/trading/api/getTrader/58330581ace78e27b8b10cee
[4642.66s] [AID111810589715856191IdG][LOCAL] -/client/trading/api/getTrader/579dc571d53a0658a154fbec
[4642.66s] [AID111810589715856191IdG][LOCAL] -/client/trading/api/getTrader/5c0647fdd443bc2504c2d371
[4642.66s] [AID111810589715856191IdG][LOCAL] -/client/trading/api/getTrader/5ac3b934156ae10c4430e83c
[4651.87s] [AID111810589715856191IdG][LOCAL] -/client/game/profile/items/moving
[4652.62s] [AID111810589715856191IdG][LOCAL] -/client/trading/api/getTrader/54cb50c76803fa8b248b4571
[4652.67s] [AID111810589715856191IdG][LOCAL] -/client/trading/api/getTrader/579dc571d53a0658a154fbec
[4652.67s] [AID111810589715856191IdG][LOCAL] -/client/trading/api/getTrader/54cb57776803fa99248b456e
[4652.67s] [AID111810589715856191IdG][LOCAL] -/client/trading/api/getTrader/5ac3b934156ae10c4430e83c
[4652.67s] [AID111810589715856191IdG][LOCAL] -/client/trading/api/getTrader/5a7c2eca46aef81a7ca2145d
[4652.67s] [AID111810589715856191IdG][LOCAL] -/client/trading/api/getTrader/58330581ace78e27b8b10cee
[4652.68s] [AID111810589715856191IdG][LOCAL] -/client/trading/api/getTrader/5c0647fdd443bc2504c2d371
[4653.41s] [AID111810589715856191IdG][LOCAL] -/client/ragfair/find
[4657.76s] [AID111810589715856191IdG][LOCAL] -/client/ragfair/find
[4659.23s] [AID111810589715856191IdG][LOCAL] -/client/game/profile/items/moving
[4659.26s] [SUCCESS]-Items taken. Status OK.
[4659.26s] [SUCCESS]-Bought item: 5d02778e86f774203e7dedbe
[4664.16s] [AID111810589715856191IdG][LOCAL] -/client/trading/api/getTrader/54cb50c76803fa8b248b4571
[4664.20s] [AID111810589715856191IdG][LOCAL] -/client/trading/api/getTrader/58330581ace78e27b8b10cee
[4664.20s] [AID111810589715856191IdG][LOCAL] -/client/trading/api/getTrader/5a7c2eca46aef81a7ca2145d
[4664.20s] [AID111810589715856191IdG][LOCAL] -/client/trading/api/getTrader/5ac3b934156ae10c4430e83c
[4664.20s] [AID111810589715856191IdG][LOCAL] -/client/trading/api/getTrader/5c0647fdd443bc2504c2d371
[4664.20s] [AID111810589715856191IdG][LOCAL] -/client/trading/api/getTrader/54cb57776803fa99248b456e
[4664.20s] [AID111810589715856191IdG][LOCAL] -/client/trading/api/getTrader/579dc571d53a0658a154fbec
[4681.44s] [AID111810589715856191IdG][LOCAL] -/client/game/profile/items/moving
[4684.34s] [AID111810589715856191IdG][LOCAL] -/client/mail/dialog/view
[4684.37s] [AID111810589715856191IdG][LOCAL] -/client/mail/dialog/read
[4685.19s] [AID111810589715856191IdG][LOCAL] -/client/mail/dialog/getAllAttachments
[4686.77s] [AID111810589715856191IdG][LOCAL] -/client/game/profile/items/moving
[4687.92s] [AID111810589715856191IdG][LOCAL] -/client/trading/api/getTrader/54cb50c76803fa8b248b4571
[4687.96s] [AID111810589715856191IdG][LOCAL] -/client/trading/api/getTrader/5a7c2eca46aef81a7ca2145d
[4687.96s] [AID111810589715856191IdG][LOCAL] -/client/trading/api/getTrader/54cb57776803fa99248b456e
[4687.96s] [AID111810589715856191IdG][LOCAL] -/client/trading/api/getTrader/5ac3b934156ae10c4430e83c
[4687.96s] [AID111810589715856191IdG][LOCAL] -/client/trading/api/getTrader/58330581ace78e27b8b10cee
[4687.96s] [AID111810589715856191IdG][LOCAL] -/client/trading/api/getTrader/5c0647fdd443bc2504c2d371
[4687.96s] [AID111810589715856191IdG][LOCAL] -/client/trading/api/getTrader/579dc571d53a0658a154fbec
[4688.68s] [AID111810589715856191IdG][LOCAL] -/client/trading/api/getTraderAssort/54cb50c76803fa8b248b4571
[4688.76s] [AID111810589715856191IdG][LOCAL] -/client/trading/api/getUserAssortPrice/trader/54cb50c76803fa8b248b4571
[4692.21s] [AID111810589715856191IdG][LOCAL] -/client/game/profile/items/moving
[4695.37s] [AID111810589715856191IdG][LOCAL] -/client/game/logout
