[0.05s] [ERROR]-Missing files! Rebuilding cache required!
[0.06s] [WARNING]-Rebuilding cache system
[0.49s] [SUCCESS]-Create: Static Response Callbacks
[0.50s] [SUCCESS]-Create: Dynamic Response Callbacks
[0.51s] [SUCCESS]-Create: Cache Callback
[0.52s] [SUCCESS]-Create: Start Callback
[0.52s] [SUCCESS]-Create: Receive Callback
[0.52s] [SUCCESS]-Create: Respond Callback
[0.52s] [SUCCESS]-Create: Classes as global variables
[0.54s] [SUCCESS]-Create: Item Action Callbacks
[0.54s] -┌────────────────────────┐
[0.54s] -│ JustEmuTarkov 1.0.3    │
[0.54s] -│ « discord.gg/T66tGKa » │
[0.54s] -└────────────────────────┘
[3.38s] [SUCCESS]-[LootFix] Settings applied
[3.58s] [SUCCESS]-[MOD] Mk18; Applied
[3.77s] [SUCCESS]-[MOD] UMP; Applied
[3.97s] [SUCCESS]-[MOD] Vector; Applied
[4.17s] [SUCCESS]-[MOD] Arsenal; Applied
[4.31s] [SUCCESS]-[MOD] Arsenal; Applied
[4.50s] [SUCCESS]-[MOD] MCX; Applied
[4.63s] [SUCCESS]-[MOD] MCX; Applied
[5.42s] [SUCCESS]-[MOD] BetterBundles; Applied
[6.23s] [SUCCESS]-[MOD] LootFix; Applied
[6.26s] [SUCCESS]-[MOD] AllItemsExamined; Applied
[6.28s] [SUCCESS]-Server is working at: https://127.0.0.1:443
[66.38s] [LOCAL] -/launcher/server/connect
[69.19s] [LOCAL] -/launcher/profile/login
[69.19s] [LOCAL] -/launcher/profile/get
[74.64s] [LOCAL] -/singleplayer/bundles
[75.27s] [LOCAL] -/singleplayer/bundles
[75.42s] [LOCAL] -/mode/offline
[88.23s] [AID181216492712305345KHG][LOCAL] -/client/game/start
[88.28s] [AID181216492712305345KHG][LOCAL] -/client/menu/locale/en
[88.33s] [AID181216492712305345KHG][LOCAL] -/client/game/version/validate
[88.37s] [AID181216492712305345KHG][LOCAL] -/client/languages
[88.41s] [AID181216492712305345KHG][LOCAL] -/client/game/config
[89.44s] [AID181216492712305345KHG][LOCAL] -/client/items
[100.72s] [AID181216492712305345KHG][LOCAL] -/client/customization
[100.77s] [AID181216492712305345KHG][LOCAL] -/client/globals
[101.68s] [AID181216492712305345KHG][LOCAL] -/client/game/profile/list
[102.48s] [AID181216492712305345KHG][LOCAL] -/client/game/profile/select
[102.55s] [AID181216492712305345KHG][LOCAL] -/client/profile/status
[102.60s] [AID181216492712305345KHG][LOCAL] -/client/weather
[102.62s] [AID181216492712305345KHG][LOCAL] -/client/locations
[102.62s] [AID181216492712305345KHG][LOCAL] -/client/game/profile/select
[102.65s] [AID181216492712305345KHG][LOCAL] -/client/locale/en
[102.80s] [AID181216492712305345KHG][LOCAL] -/client/profile/status
[103.49s] [AID181216492712305345KHG][LOCAL] -/client/handbook/templates
[109.56s] [AID181216492712305345KHG][LOCAL] -/client/hideout/areas
[109.95s] [AID181216492712305345KHG][LOCAL] -/client/hideout/settings
[111.32s] [AID181216492712305345KHG][LOCAL] -/client/hideout/production/recipes
[111.40s] [AID181216492712305345KHG][LOCAL] -/client/hideout/production/scavcase/recipes
[111.47s] [AID181216492712305345KHG][LOCAL] -/client/handbook/builds/my/list
[111.53s] [AID181216492712305345KHG][LOCAL] -/client/quest/list
[113.44s] [AID181216492712305345KHG][LOCAL] -/client/notifier/channel/create
[114.61s] [AID181216492712305345KHG][LOCAL] -/client/mail/dialog/list
[114.65s] [AID181216492712305345KHG][LOCAL] -/client/friend/list
[114.65s] [AID181216492712305345KHG][LOCAL] -/client/friend/request/list/inbox
[114.65s] [AID181216492712305345KHG][LOCAL] -/client/friend/request/list/outbox
[114.65s] [AID181216492712305345KHG][LOCAL] -/client/profile/status
[114.69s] [AID181216492712305345KHG][LOCAL] -/client/trading/customization/storage
[115.10s] [AID181216492712305345KHG][LOCAL] -/client/server/list
[115.10s] [AID181216492712305345KHG][LOCAL] -/client/trading/api/getTradersList
[115.45s] [AID181216492712305345KHG][LOCAL] -/client/checkVersion
[170.64s] [LOCAL] -/singleplayer/bundles
[171.32s] [LOCAL] -/singleplayer/bundles
[171.48s] [LOCAL] -/mode/offline
[184.40s] [AID181216492712305345KHG][LOCAL] -/client/game/start
[184.46s] [AID181216492712305345KHG][LOCAL] -/client/menu/locale/en
[184.51s] [AID181216492712305345KHG][LOCAL] -/client/game/version/validate
[184.56s] [AID181216492712305345KHG][LOCAL] -/client/languages
[184.60s] [AID181216492712305345KHG][LOCAL] -/client/game/config
[185.66s] [AID181216492712305345KHG][LOCAL] -/client/items
[197.03s] [AID181216492712305345KHG][LOCAL] -/client/customization
[197.21s] [AID181216492712305345KHG][LOCAL] -/client/globals
[198.20s] [AID181216492712305345KHG][LOCAL] -/client/game/profile/list
[199.08s] [AID181216492712305345KHG][LOCAL] -/client/game/profile/select
[199.11s] [AID181216492712305345KHG][LOCAL] -/client/profile/status
[199.16s] [AID181216492712305345KHG][LOCAL] -/client/weather
[199.19s] [AID181216492712305345KHG][LOCAL] -/client/locale/en
[199.19s] [AID181216492712305345KHG][LOCAL] -/client/locations
[199.23s] [AID181216492712305345KHG][LOCAL] -/client/game/profile/select
[199.27s] [AID181216492712305345KHG][LOCAL] -/client/profile/status
[200.16s] [AID181216492712305345KHG][LOCAL] -/client/handbook/templates
[206.03s] [AID181216492712305345KHG][LOCAL] -/client/hideout/areas
[206.42s] [AID181216492712305345KHG][LOCAL] -/client/hideout/settings
[206.56s] [AID181216492712305345KHG][LOCAL] -/client/hideout/production/recipes
[208.07s] [AID181216492712305345KHG][LOCAL] -/client/hideout/production/scavcase/recipes
[208.14s] [AID181216492712305345KHG][LOCAL] -/client/handbook/builds/my/list
[208.20s] [AID181216492712305345KHG][LOCAL] -/client/quest/list
[209.95s] [AID181216492712305345KHG][LOCAL] -/client/notifier/channel/create
[211.03s] [AID181216492712305345KHG][LOCAL] -/client/mail/dialog/list
[211.06s] [AID181216492712305345KHG][LOCAL] -/client/profile/status
[211.07s] [AID181216492712305345KHG][LOCAL] -/client/friend/list
[211.07s] [AID181216492712305345KHG][LOCAL] -/client/friend/request/list/inbox
[211.08s] [AID181216492712305345KHG][LOCAL] -/client/friend/request/list/outbox
[211.11s] [AID181216492712305345KHG][LOCAL] -/client/trading/customization/storage
[211.44s] [AID181216492712305345KHG][LOCAL] -/client/server/list
[211.44s] [AID181216492712305345KHG][LOCAL] -/client/trading/api/getTradersList
[211.59s] [AID181216492712305345KHG][LOCAL] -/client/checkVersion
[472.83s] [LOCAL] -/singleplayer/bundles
[473.49s] [LOCAL] -/singleplayer/bundles
[473.65s] [LOCAL] -/mode/offline
[486.69s] [AID181216492712305345KHG][LOCAL] -/client/game/start
[486.75s] [AID181216492712305345KHG][LOCAL] -/client/menu/locale/en
[486.80s] [AID181216492712305345KHG][LOCAL] -/client/game/version/validate
[486.84s] [AID181216492712305345KHG][LOCAL] -/client/languages
[486.89s] [AID181216492712305345KHG][LOCAL] -/client/game/config
[487.94s] [AID181216492712305345KHG][LOCAL] -/client/items
[499.51s] [AID181216492712305345KHG][LOCAL] -/client/customization
[499.55s] [AID181216492712305345KHG][LOCAL] -/client/globals
[500.48s] [AID181216492712305345KHG][LOCAL] -/client/game/profile/list
[501.37s] [AID181216492712305345KHG][LOCAL] -/client/game/profile/select
[501.41s] [AID181216492712305345KHG][LOCAL] -/client/profile/status
[501.45s] [AID181216492712305345KHG][LOCAL] -/client/weather
[501.46s] [AID181216492712305345KHG][LOCAL] -/client/locale/en
[501.49s] [AID181216492712305345KHG][LOCAL] -/client/locations
[501.50s] [AID181216492712305345KHG][LOCAL] -/client/game/profile/select
[501.59s] [AID181216492712305345KHG][LOCAL] -/client/profile/status
[502.36s] [AID181216492712305345KHG][LOCAL] -/client/handbook/templates
[508.13s] [AID181216492712305345KHG][LOCAL] -/client/hideout/areas
[508.76s] [AID181216492712305345KHG][LOCAL] -/client/hideout/settings
[509.37s] [AID181216492712305345KHG][LOCAL] -/client/hideout/production/recipes
[510.58s] [AID181216492712305345KHG][LOCAL] -/client/hideout/production/scavcase/recipes
[510.67s] [AID181216492712305345KHG][LOCAL] -/client/handbook/builds/my/list
[511.00s] [AID181216492712305345KHG][LOCAL] -/client/quest/list
[512.76s] [AID181216492712305345KHG][LOCAL] -/client/notifier/channel/create
[513.90s] [AID181216492712305345KHG][LOCAL] -/client/mail/dialog/list
[513.93s] [AID181216492712305345KHG][LOCAL] -/client/profile/status
[513.93s] [AID181216492712305345KHG][LOCAL] -/client/friend/list
[513.93s] [AID181216492712305345KHG][LOCAL] -/client/friend/request/list/inbox
[513.93s] [AID181216492712305345KHG][LOCAL] -/client/friend/request/list/outbox
[513.98s] [AID181216492712305345KHG][LOCAL] -/client/trading/customization/storage
[514.12s] [AID181216492712305345KHG][LOCAL] -/client/server/list
[514.13s] [AID181216492712305345KHG][LOCAL] -/client/trading/api/getTradersList
[514.30s] [AID181216492712305345KHG][LOCAL] -/client/checkVersion
[624.24s] [AID181216492712305345KHG][LOCAL] -/client/game/profile/items/moving
[628.13s] [AID181216492712305345KHG][LOCAL] -/client/game/logout
