[0.05s] [ERROR]-Missing files! Rebuilding cache required!
[0.05s] [WARNING]-Rebuilding cache system
[0.46s] [SUCCESS]-Create: Static Response Callbacks
[0.47s] [SUCCESS]-Create: Dynamic Response Callbacks
[0.48s] [SUCCESS]-Create: Cache Callback
[0.48s] [SUCCESS]-Create: Start Callback
[0.48s] [SUCCESS]-Create: Receive Callback
[0.48s] [SUCCESS]-Create: Respond Callback
[0.48s] [SUCCESS]-Create: Classes as global variables
[0.50s] [SUCCESS]-Create: Item Action Callbacks
[0.50s] -┌────────────────────────┐
[0.50s] -│ JustEmuTarkov 1.0.3    │
[0.50s] -│ « discord.gg/T66tGKa » │
[0.50s] -└────────────────────────┘
[3.18s] [SUCCESS]-[LootFix] Settings applied
[3.38s] [SUCCESS]-[MOD] Mk18; Applied
[3.56s] [SUCCESS]-[MOD] UMP; Applied
[3.75s] [SUCCESS]-[MOD] Arsenal; Applied
[3.88s] [SUCCESS]-[MOD] Arsenal; Applied
[4.06s] [SUCCESS]-[MOD] MCX; Applied
[4.19s] [SUCCESS]-[MOD] MCX; Applied
[4.45s] [SUCCESS]-[MOD] Vector; Applied
[5.96s] [SUCCESS]-[MOD] LootFix; Applied
[5.97s] [SUCCESS]-[MOD] AllItemsExamined; Applied
[5.98s] [SUCCESS]-[MOD] BetterBundles; Applied
[5.99s] [SUCCESS]-Server is working at: https://127.0.0.1:443
[23.64s] [LOCAL] -/launcher/server/connect
