[0.06s] [ERROR]-Missing files! Rebuilding cache required!
[0.07s] [WARNING]-Rebuilding cache system
[0.48s] [WARNING]-Mod AppeazeTheCheese-BetterBundles-1.0.1 not installed, adding it to the modlist
[0.49s] [WARNING]-Mod CFG-LootFix-1.0.6 not installed, adding it to the modlist
[0.49s] [WARNING]-Mod Kovacs-MK18-1.0.0 not installed, adding it to the modlist
[0.49s] [WARNING]-Mod Kovacs-UMP-1.0.0 not installed, adding it to the modlist
[0.50s] [WARNING]-Mod StraitSix-Vector-1.1.0 not installed, adding it to the modlist
[0.51s] [WARNING]-Mod TheMaoci-AllItemsExamined-1.0.0 not installed, adding it to the modlist
[0.58s] [SUCCESS]-Create: Static Response Callbacks
[0.59s] [SUCCESS]-Create: Dynamic Response Callbacks
[0.60s] [SUCCESS]-Create: Cache Callback
[0.61s] [SUCCESS]-Create: Start Callback
[0.61s] [SUCCESS]-Create: Receive Callback
[0.61s] [SUCCESS]-Create: Respond Callback
[0.61s] [SUCCESS]-Create: Classes as global variables
[0.64s] [SUCCESS]-Create: Item Action Callbacks
[0.65s] -┌────────────────────────┐
[0.65s] -│ JustEmuTarkov 1.0.3    │
[0.65s] -│ « discord.gg/T66tGKa » │
[0.65s] -└────────────────────────┘
[3.62s] [SUCCESS]-[LootFix] Settings applied
[3.83s] [SUCCESS]-[MOD] Mk18; Applied
[4.04s] [SUCCESS]-[MOD] UMP; Applied
[4.27s] [SUCCESS]-[MOD] Vector; Applied
[4.98s] [SUCCESS]-[MOD] BetterBundles; Applied
[5.77s] [SUCCESS]-[MOD] LootFix; Applied
[5.78s] [SUCCESS]-[MOD] AllItemsExamined; Applied
[5.80s] [SUCCESS]-Server is working at: https://127.0.0.1:443
[28.45s] [LOCAL] -/singleplayer/bundles
[29.16s] [LOCAL] -/singleplayer/bundles
[29.30s] [LOCAL] -/mode/offline
[42.07s] [AID181216492712305345KHG][LOCAL] -/client/game/start
[42.13s] [AID181216492712305345KHG][LOCAL] -/client/menu/locale/en
[42.18s] [AID181216492712305345KHG][LOCAL] -/client/game/version/validate
[42.21s] [AID181216492712305345KHG][LOCAL] -/client/languages
[42.25s] [AID181216492712305345KHG][LOCAL] -/client/game/config
[43.39s] [AID181216492712305345KHG][LOCAL] -/client/items
[53.95s] [AID181216492712305345KHG][LOCAL] -/client/customization
[53.99s] [AID181216492712305345KHG][LOCAL] -/client/globals
[54.85s] [AID181216492712305345KHG][LOCAL] -/client/game/profile/list
[55.79s] [AID181216492712305345KHG][LOCAL] -/client/game/profile/select
[55.83s] [AID181216492712305345KHG][LOCAL] -/client/profile/status
[55.87s] [AID181216492712305345KHG][LOCAL] -/client/weather
[55.90s] [AID181216492712305345KHG][LOCAL] -/client/locale/en
[55.91s] [AID181216492712305345KHG][LOCAL] -/client/locations
[55.91s] [AID181216492712305345KHG][LOCAL] -/client/game/profile/select
[56.00s] [AID181216492712305345KHG][LOCAL] -/client/profile/status
[56.76s] [AID181216492712305345KHG][LOCAL] -/client/handbook/templates
[62.90s] [AID181216492712305345KHG][LOCAL] -/client/hideout/areas
[63.27s] [AID181216492712305345KHG][LOCAL] -/client/hideout/settings
[63.38s] [AID181216492712305345KHG][LOCAL] -/client/hideout/production/recipes
[64.47s] [AID181216492712305345KHG][LOCAL] -/client/hideout/production/scavcase/recipes
[64.59s] [AID181216492712305345KHG][LOCAL] -/client/handbook/builds/my/list
[64.65s] [AID181216492712305345KHG][LOCAL] -/client/quest/list
[65.97s] [AID181216492712305345KHG][LOCAL] -/client/notifier/channel/create
[67.19s] [AID181216492712305345KHG][LOCAL] -/client/mail/dialog/list
[67.21s] [AID181216492712305345KHG][LOCAL] -/client/profile/status
[67.22s] [AID181216492712305345KHG][LOCAL] -/client/friend/list
[67.22s] [AID181216492712305345KHG][LOCAL] -/client/friend/request/list/inbox
[67.22s] [AID181216492712305345KHG][LOCAL] -/client/friend/request/list/outbox
[67.25s] [AID181216492712305345KHG][LOCAL] -/client/trading/customization/storage
[67.88s] [AID181216492712305345KHG][LOCAL] -/client/server/list
[67.89s] [AID181216492712305345KHG][LOCAL] -/client/trading/api/getTradersList
[68.32s] [AID181216492712305345KHG][LOCAL] -/client/checkVersion
[109.60s] [LOCAL] -/singleplayer/settings/raid/menu
[110.30s] [AID181216492712305345KHG][LOCAL] -/client/insurance/items/list/cost
[118.07s] [AID181216492712305345KHG][LOCAL] -/client/items
[127.29s] [AID181216492712305345KHG][LOCAL] -/client/customization
[127.29s] [AID181216492712305345KHG][LOCAL] -/client/globals
[127.47s] [AID181216492712305345KHG][LOCAL] -/client/game/profile/list
[127.55s] [AID181216492712305345KHG][LOCAL] -/client/game/profile/select
[127.61s] [AID181216492712305345KHG][LOCAL] -/client/profile/status
[127.66s] [AID181216492712305345KHG][LOCAL] -/client/locations
[127.66s] [AID181216492712305345KHG][LOCAL] -/client/game/profile/select
[127.69s] [AID181216492712305345KHG][LOCAL] -/client/weather
[127.72s] [AID181216492712305345KHG][LOCAL] -/client/profile/status
[128.06s] [AID181216492712305345KHG][LOCAL] -/client/handbook/templates
[128.85s] [AID181216492712305345KHG][LOCAL] -/client/hideout/areas
[130.26s] [AID181216492712305345KHG][LOCAL] -/client/hideout/settings
[130.29s] [AID181216492712305345KHG][LOCAL] -/client/hideout/production/recipes
[130.36s] [AID181216492712305345KHG][LOCAL] -/client/hideout/production/scavcase/recipes
[130.41s] [AID181216492712305345KHG][LOCAL] -/client/handbook/builds/my/list
[132.57s] [AID181216492712305345KHG][LOCAL] -/client/quest/list
[133.05s] [AID181216492712305345KHG][LOCAL] -/client/notifier/channel/create
[134.29s] [AID181216492712305345KHG][LOCAL] -/client/friend/request/list/inbox
[134.31s] [AID181216492712305345KHG][LOCAL] -/client/mail/dialog/list
[134.33s] [AID181216492712305345KHG][LOCAL] -/client/friend/list
[134.34s] [AID181216492712305345KHG][LOCAL] -/client/profile/status
[134.34s] [AID181216492712305345KHG][LOCAL] -/client/trading/customization/storage
[134.34s] [AID181216492712305345KHG][LOCAL] -/client/friend/request/list/outbox
[134.41s] [AID181216492712305345KHG][LOCAL] -/client/server/list
[134.41s] [AID181216492712305345KHG][LOCAL] -/client/trading/api/getTradersList
[134.46s] [AID181216492712305345KHG][LOCAL] -/client/checkVersion
