[0.05s] [ERROR]-Missing files! Rebuilding cache required!
[0.06s] [WARNING]-Rebuilding cache system
[0.53s] [SUCCESS]-Create: Static Response Callbacks
[0.53s] [SUCCESS]-Create: Dynamic Response Callbacks
[0.54s] [SUCCESS]-Create: Cache Callback
[0.55s] [SUCCESS]-Create: Start Callback
[0.55s] [SUCCESS]-Create: Receive Callback
[0.55s] [SUCCESS]-Create: Respond Callback
[0.55s] [SUCCESS]-Create: Classes as global variables
[0.57s] [SUCCESS]-Create: Item Action Callbacks
[0.57s] -┌────────────────────────┐
[0.57s] -│ JustEmuTarkov 1.0.3    │
[0.57s] -│ « discord.gg/T66tGKa » │
[0.57s] -└────────────────────────┘
[3.55s] [SUCCESS]-[LootFix] Settings applied
[3.79s] [SUCCESS]-[MOD] Mk18; Applied
[3.97s] [SUCCESS]-[MOD] UMP; Applied
[5.58s] [SUCCESS]-[MOD] LootFix; Applied
[5.60s] [SUCCESS]-[MOD] AllItemsExamined; Applied
[5.61s] [SUCCESS]-[MOD] BetterBundles; Applied
[5.62s] [SUCCESS]-Server is working at: https://127.0.0.1:443
[32.69s] [AID19829382324549930enlT][LOCAL] -/client/game/profile/items/moving
[33.48s] [AID19829382324549930enlT][LOCAL] -/client/trading/customization/storage
[33.51s] [AID19829382324549930enlT][LOCAL] -/client/trading/api/getTrader/54cb57776803fa99248b456e
[33.55s] [AID19829382324549930enlT][LOCAL] -/client/trading/api/getTrader/579dc571d53a0658a154fbec
[33.55s] [AID19829382324549930enlT][LOCAL] -/client/trading/api/getTrader/5c0647fdd443bc2504c2d371
[33.55s] [AID19829382324549930enlT][LOCAL] -/client/trading/api/getTrader/58330581ace78e27b8b10cee
[33.56s] [AID19829382324549930enlT][LOCAL] -/client/trading/api/getTrader/5a7c2eca46aef81a7ca2145d
[33.56s] [AID19829382324549930enlT][LOCAL] -/client/trading/api/getTrader/54cb50c76803fa8b248b4571
[33.56s] [AID19829382324549930enlT][LOCAL] -/client/trading/api/getTrader/5ac3b934156ae10c4430e83c
[33.56s] [AID19829382324549930enlT][LOCAL] -/client/trading/api/getTrader/5935c25fb3acc3127c3d8cd9
[34.75s] [AID19829382324549930enlT][LOCAL] -/client/trading/api/getTraderAssort/54cb50c76803fa8b248b4571
[34.81s] [AID19829382324549930enlT][LOCAL] -/client/trading/api/getUserAssortPrice/trader/54cb50c76803fa8b248b4571
[39.26s] [AID19829382324549930enlT][LOCAL] -/client/game/profile/items/moving
[47.76s] [AID19829382324549930enlT][LOCAL] -/client/trading/api/getTrader/54cb50c76803fa8b248b4571
[47.76s] [AID19829382324549930enlT][LOCAL] -/client/trading/api/getTrader/54cb57776803fa99248b456e
[47.76s] [AID19829382324549930enlT][LOCAL] -/client/trading/api/getTrader/579dc571d53a0658a154fbec
[47.76s] [AID19829382324549930enlT][LOCAL] -/client/trading/api/getTrader/5935c25fb3acc3127c3d8cd9
[47.76s] [AID19829382324549930enlT][LOCAL] -/client/trading/api/getTrader/58330581ace78e27b8b10cee
[47.77s] [AID19829382324549930enlT][LOCAL] -/client/trading/api/getTrader/5a7c2eca46aef81a7ca2145d
[47.77s] [AID19829382324549930enlT][LOCAL] -/client/trading/api/getTrader/5c0647fdd443bc2504c2d371
[47.77s] [AID19829382324549930enlT][LOCAL] -/client/trading/api/getTrader/5ac3b934156ae10c4430e83c
[48.58s] [AID19829382324549930enlT][LOCAL] -/client/trading/api/getTraderAssort/58330581ace78e27b8b10cee
[48.64s] [AID19829382324549930enlT][LOCAL] -/client/trading/api/getUserAssortPrice/trader/58330581ace78e27b8b10cee
[50.77s] [AID19829382324549930enlT][LOCAL] -/client/trading/api/getTraderAssort/5935c25fb3acc3127c3d8cd9
[50.83s] [AID19829382324549930enlT][LOCAL] -/client/trading/api/getUserAssortPrice/trader/5935c25fb3acc3127c3d8cd9
[53.63s] [AID19829382324549930enlT][LOCAL] -/client/notifier/channel/create
[63.24s] [AID19829382324549930enlT][LOCAL] -/client/trading/api/getTrader/54cb50c76803fa8b248b4571
[63.24s] [AID19829382324549930enlT][LOCAL] -/client/trading/api/getTrader/58330581ace78e27b8b10cee
[63.24s] [AID19829382324549930enlT][LOCAL] -/client/trading/api/getTrader/5ac3b934156ae10c4430e83c
[63.24s] [AID19829382324549930enlT][LOCAL] -/client/trading/api/getTrader/579dc571d53a0658a154fbec
[63.24s] [AID19829382324549930enlT][LOCAL] -/client/trading/api/getTrader/5c0647fdd443bc2504c2d371
[63.24s] [AID19829382324549930enlT][LOCAL] -/client/trading/api/getTrader/5a7c2eca46aef81a7ca2145d
[63.24s] [AID19829382324549930enlT][LOCAL] -/client/trading/api/getTrader/54cb57776803fa99248b456e
[63.24s] [AID19829382324549930enlT][LOCAL] -/client/trading/api/getTrader/5935c25fb3acc3127c3d8cd9
[93.25s] [AID19829382324549930enlT][LOCAL] -/client/trading/api/getTrader/5935c25fb3acc3127c3d8cd9
[93.25s] [AID19829382324549930enlT][LOCAL] -/client/trading/api/getTrader/579dc571d53a0658a154fbec
[93.25s] [AID19829382324549930enlT][LOCAL] -/client/trading/api/getTrader/58330581ace78e27b8b10cee
[93.25s] [AID19829382324549930enlT][LOCAL] -/client/trading/api/getTrader/54cb57776803fa99248b456e
[93.25s] [AID19829382324549930enlT][LOCAL] -/client/trading/api/getTrader/54cb50c76803fa8b248b4571
[93.25s] [AID19829382324549930enlT][LOCAL] -/client/trading/api/getTrader/5ac3b934156ae10c4430e83c
[93.25s] [AID19829382324549930enlT][LOCAL] -/client/trading/api/getTrader/5a7c2eca46aef81a7ca2145d
[93.25s] [AID19829382324549930enlT][LOCAL] -/client/trading/api/getTrader/5c0647fdd443bc2504c2d371
[123.25s] [AID19829382324549930enlT][LOCAL] -/client/trading/api/getTrader/54cb50c76803fa8b248b4571
[123.26s] [AID19829382324549930enlT][LOCAL] -/client/trading/api/getTrader/5935c25fb3acc3127c3d8cd9
[123.26s] [AID19829382324549930enlT][LOCAL] -/client/trading/api/getTrader/5a7c2eca46aef81a7ca2145d
[123.26s] [AID19829382324549930enlT][LOCAL] -/client/trading/api/getTrader/5ac3b934156ae10c4430e83c
[123.26s] [AID19829382324549930enlT][LOCAL] -/client/trading/api/getTrader/58330581ace78e27b8b10cee
[123.26s] [AID19829382324549930enlT][LOCAL] -/client/trading/api/getTrader/579dc571d53a0658a154fbec
[123.26s] [AID19829382324549930enlT][LOCAL] -/client/trading/api/getTrader/54cb57776803fa99248b456e
[123.26s] [AID19829382324549930enlT][LOCAL] -/client/trading/api/getTrader/5c0647fdd443bc2504c2d371
[153.26s] [AID19829382324549930enlT][LOCAL] -/client/trading/api/getTrader/54cb50c76803fa8b248b4571
[153.26s] [AID19829382324549930enlT][LOCAL] -/client/trading/api/getTrader/579dc571d53a0658a154fbec
[153.26s] [AID19829382324549930enlT][LOCAL] -/client/trading/api/getTrader/5935c25fb3acc3127c3d8cd9
[153.26s] [AID19829382324549930enlT][LOCAL] -/client/trading/api/getTrader/5ac3b934156ae10c4430e83c
[153.26s] [AID19829382324549930enlT][LOCAL] -/client/trading/api/getTrader/5a7c2eca46aef81a7ca2145d
[153.26s] [AID19829382324549930enlT][LOCAL] -/client/trading/api/getTrader/54cb57776803fa99248b456e
[153.26s] [AID19829382324549930enlT][LOCAL] -/client/trading/api/getTrader/5c0647fdd443bc2504c2d371
[153.26s] [AID19829382324549930enlT][LOCAL] -/client/trading/api/getTrader/58330581ace78e27b8b10cee
[183.25s] [AID19829382324549930enlT][LOCAL] -/client/trading/api/getTrader/54cb57776803fa99248b456e
[183.25s] [AID19829382324549930enlT][LOCAL] -/client/trading/api/getTrader/5a7c2eca46aef81a7ca2145d
[183.25s] [AID19829382324549930enlT][LOCAL] -/client/trading/api/getTrader/58330581ace78e27b8b10cee
[183.25s] [AID19829382324549930enlT][LOCAL] -/client/trading/api/getTrader/5935c25fb3acc3127c3d8cd9
[183.25s] [AID19829382324549930enlT][LOCAL] -/client/trading/api/getTrader/54cb50c76803fa8b248b4571
[183.25s] [AID19829382324549930enlT][LOCAL] -/client/trading/api/getTrader/579dc571d53a0658a154fbec
[183.25s] [AID19829382324549930enlT][LOCAL] -/client/trading/api/getTrader/5ac3b934156ae10c4430e83c
[183.25s] [AID19829382324549930enlT][LOCAL] -/client/trading/api/getTrader/5c0647fdd443bc2504c2d371
[213.25s] [AID19829382324549930enlT][LOCAL] -/client/trading/api/getTrader/54cb57776803fa99248b456e
[213.25s] [AID19829382324549930enlT][LOCAL] -/client/trading/api/getTrader/58330581ace78e27b8b10cee
[213.25s] [AID19829382324549930enlT][LOCAL] -/client/trading/api/getTrader/5ac3b934156ae10c4430e83c
[213.25s] [AID19829382324549930enlT][LOCAL] -/client/trading/api/getTrader/5935c25fb3acc3127c3d8cd9
[213.25s] [AID19829382324549930enlT][LOCAL] -/client/trading/api/getTrader/579dc571d53a0658a154fbec
[213.26s] [AID19829382324549930enlT][LOCAL] -/client/trading/api/getTrader/5a7c2eca46aef81a7ca2145d
[213.26s] [AID19829382324549930enlT][LOCAL] -/client/trading/api/getTrader/5c0647fdd443bc2504c2d371
[213.26s] [AID19829382324549930enlT][LOCAL] -/client/trading/api/getTrader/54cb50c76803fa8b248b4571
[243.25s] [AID19829382324549930enlT][LOCAL] -/client/trading/api/getTrader/54cb50c76803fa8b248b4571
[243.25s] [AID19829382324549930enlT][LOCAL] -/client/trading/api/getTrader/5935c25fb3acc3127c3d8cd9
[243.25s] [AID19829382324549930enlT][LOCAL] -/client/trading/api/getTrader/579dc571d53a0658a154fbec
[243.25s] [AID19829382324549930enlT][LOCAL] -/client/trading/api/getTrader/5a7c2eca46aef81a7ca2145d
[243.25s] [AID19829382324549930enlT][LOCAL] -/client/trading/api/getTrader/5ac3b934156ae10c4430e83c
[243.25s] [AID19829382324549930enlT][LOCAL] -/client/trading/api/getTrader/54cb57776803fa99248b456e
[243.25s] [AID19829382324549930enlT][LOCAL] -/client/trading/api/getTrader/5c0647fdd443bc2504c2d371
[243.25s] [AID19829382324549930enlT][LOCAL] -/client/trading/api/getTrader/58330581ace78e27b8b10cee
[273.26s] [AID19829382324549930enlT][LOCAL] -/client/trading/api/getTrader/579dc571d53a0658a154fbec
[273.27s] [AID19829382324549930enlT][LOCAL] -/client/trading/api/getTrader/54cb57776803fa99248b456e
[273.27s] [AID19829382324549930enlT][LOCAL] -/client/trading/api/getTrader/54cb50c76803fa8b248b4571
[273.27s] [AID19829382324549930enlT][LOCAL] -/client/trading/api/getTrader/5935c25fb3acc3127c3d8cd9
[273.27s] [AID19829382324549930enlT][LOCAL] -/client/trading/api/getTrader/5a7c2eca46aef81a7ca2145d
[273.27s] [AID19829382324549930enlT][LOCAL] -/client/trading/api/getTrader/5c0647fdd443bc2504c2d371
[273.27s] [AID19829382324549930enlT][LOCAL] -/client/trading/api/getTrader/5ac3b934156ae10c4430e83c
[273.27s] [AID19829382324549930enlT][LOCAL] -/client/trading/api/getTrader/58330581ace78e27b8b10cee
[303.26s] [AID19829382324549930enlT][LOCAL] -/client/trading/api/getTrader/54cb57776803fa99248b456e
[303.26s] [AID19829382324549930enlT][LOCAL] -/client/trading/api/getTrader/5935c25fb3acc3127c3d8cd9
[303.26s] [AID19829382324549930enlT][LOCAL] -/client/trading/api/getTrader/5a7c2eca46aef81a7ca2145d
[303.26s] [AID19829382324549930enlT][LOCAL] -/client/trading/api/getTrader/579dc571d53a0658a154fbec
[303.26s] [AID19829382324549930enlT][LOCAL] -/client/trading/api/getTrader/54cb50c76803fa8b248b4571
[303.26s] [AID19829382324549930enlT][LOCAL] -/client/trading/api/getTrader/5ac3b934156ae10c4430e83c
[303.26s] [AID19829382324549930enlT][LOCAL] -/client/trading/api/getTrader/58330581ace78e27b8b10cee
[303.26s] [AID19829382324549930enlT][LOCAL] -/client/trading/api/getTrader/5c0647fdd443bc2504c2d371
[333.27s] [AID19829382324549930enlT][LOCAL] -/client/trading/api/getTrader/579dc571d53a0658a154fbec
[333.27s] [AID19829382324549930enlT][LOCAL] -/client/trading/api/getTrader/5a7c2eca46aef81a7ca2145d
[333.27s] [AID19829382324549930enlT][LOCAL] -/client/trading/api/getTrader/54cb57776803fa99248b456e
[333.27s] [AID19829382324549930enlT][LOCAL] -/client/trading/api/getTrader/58330581ace78e27b8b10cee
[333.27s] [AID19829382324549930enlT][LOCAL] -/client/trading/api/getTrader/5935c25fb3acc3127c3d8cd9
[333.27s] [AID19829382324549930enlT][LOCAL] -/client/trading/api/getTrader/5ac3b934156ae10c4430e83c
[333.27s] [AID19829382324549930enlT][LOCAL] -/client/trading/api/getTrader/54cb50c76803fa8b248b4571
[333.27s] [AID19829382324549930enlT][LOCAL] -/client/trading/api/getTrader/5c0647fdd443bc2504c2d371
[363.26s] [AID19829382324549930enlT][LOCAL] -/client/trading/api/getTrader/54cb57776803fa99248b456e
[363.26s] [AID19829382324549930enlT][LOCAL] -/client/trading/api/getTrader/5935c25fb3acc3127c3d8cd9
[363.26s] [AID19829382324549930enlT][LOCAL] -/client/trading/api/getTrader/579dc571d53a0658a154fbec
[363.26s] [AID19829382324549930enlT][LOCAL] -/client/trading/api/getTrader/54cb50c76803fa8b248b4571
[363.26s] [AID19829382324549930enlT][LOCAL] -/client/trading/api/getTrader/5a7c2eca46aef81a7ca2145d
[363.26s] [AID19829382324549930enlT][LOCAL] -/client/trading/api/getTrader/58330581ace78e27b8b10cee
[363.26s] [AID19829382324549930enlT][LOCAL] -/client/trading/api/getTrader/5ac3b934156ae10c4430e83c
[363.26s] [AID19829382324549930enlT][LOCAL] -/client/trading/api/getTrader/5c0647fdd443bc2504c2d371
[393.27s] [AID19829382324549930enlT][LOCAL] -/client/trading/api/getTrader/54cb57776803fa99248b456e
[393.27s] [AID19829382324549930enlT][LOCAL] -/client/trading/api/getTrader/58330581ace78e27b8b10cee
[393.27s] [AID19829382324549930enlT][LOCAL] -/client/trading/api/getTrader/54cb50c76803fa8b248b4571
[393.27s] [AID19829382324549930enlT][LOCAL] -/client/trading/api/getTrader/5935c25fb3acc3127c3d8cd9
[393.27s] [AID19829382324549930enlT][LOCAL] -/client/trading/api/getTrader/5a7c2eca46aef81a7ca2145d
[393.27s] [AID19829382324549930enlT][LOCAL] -/client/trading/api/getTrader/579dc571d53a0658a154fbec
[393.27s] [AID19829382324549930enlT][LOCAL] -/client/trading/api/getTrader/5c0647fdd443bc2504c2d371
[393.27s] [AID19829382324549930enlT][LOCAL] -/client/trading/api/getTrader/5ac3b934156ae10c4430e83c
[423.27s] [AID19829382324549930enlT][LOCAL] -/client/trading/api/getTrader/54cb50c76803fa8b248b4571
[423.27s] [AID19829382324549930enlT][LOCAL] -/client/trading/api/getTrader/5935c25fb3acc3127c3d8cd9
[423.27s] [AID19829382324549930enlT][LOCAL] -/client/trading/api/getTrader/5c0647fdd443bc2504c2d371
[423.27s] [AID19829382324549930enlT][LOCAL] -/client/trading/api/getTrader/58330581ace78e27b8b10cee
[423.27s] [AID19829382324549930enlT][LOCAL] -/client/trading/api/getTrader/5ac3b934156ae10c4430e83c
[423.27s] [AID19829382324549930enlT][LOCAL] -/client/trading/api/getTrader/579dc571d53a0658a154fbec
[423.27s] [AID19829382324549930enlT][LOCAL] -/client/trading/api/getTrader/54cb57776803fa99248b456e
[423.27s] [AID19829382324549930enlT][LOCAL] -/client/trading/api/getTrader/5a7c2eca46aef81a7ca2145d
[453.27s] [AID19829382324549930enlT][LOCAL] -/client/trading/api/getTrader/54cb50c76803fa8b248b4571
[453.27s] [AID19829382324549930enlT][LOCAL] -/client/trading/api/getTrader/579dc571d53a0658a154fbec
[453.27s] [AID19829382324549930enlT][LOCAL] -/client/trading/api/getTrader/5a7c2eca46aef81a7ca2145d
[453.27s] [AID19829382324549930enlT][LOCAL] -/client/trading/api/getTrader/54cb57776803fa99248b456e
[453.28s] [AID19829382324549930enlT][LOCAL] -/client/trading/api/getTrader/5935c25fb3acc3127c3d8cd9
[453.28s] [AID19829382324549930enlT][LOCAL] -/client/trading/api/getTrader/58330581ace78e27b8b10cee
[453.28s] [AID19829382324549930enlT][LOCAL] -/client/trading/api/getTrader/5c0647fdd443bc2504c2d371
[453.28s] [AID19829382324549930enlT][LOCAL] -/client/trading/api/getTrader/5ac3b934156ae10c4430e83c
[476.61s] [LOCAL] -/singleplayer/settings/raid/menu
[477.64s] [AID19829382324549930enlT][LOCAL] -/client/insurance/items/list/cost
[509.70s] [LOCAL] -/singleplayer/settings/bot/limit/followerBully
[509.71s] [LOCAL] -/singleplayer/settings/bot/limit/followerGluharScout
[509.72s] [LOCAL] -/singleplayer/settings/bot/limit/followerGluharSecurity
[509.73s] [LOCAL] -/singleplayer/settings/bot/limit/followerBully
[509.74s] [LOCAL] -/singleplayer/settings/bot/limit/followerGluharAssault
[509.75s] [LOCAL] -/singleplayer/settings/bot/limit/followerGluharSecurity
[509.77s] [AID19829382324549930enlT][LOCAL] -/client/game/bot/generate
[1321.20s] [AID19829382324549930enlT][LOCAL] -/raid/profile/save
[1321.21s] [ERROR]-insurance Disabled!! cause of varaible undefined or file not found. Check line 249-250 at src/classes/offraid.js
[1321.21s] [ERROR]-Disabling: Remove map key on entering, cause of offraid_f.handler.players[sessionID] is undefined
[1325.00s] [AID19829382324549930enlT][LOCAL] -/client/game/profile/list
[1364.50s] [AID19829382324549930enlT][LOCAL] -/client/trading/api/getTradersList
[1366.58s] [AID19829382324549930enlT][LOCAL] -/client/game/profile/items/moving
[1366.59s] [SUCCESS]-Items taken. Status OK.
[1369.93s] [AID19829382324549930enlT][LOCAL] -/client/items
[1375.30s] [AID19829382324549930enlT][LOCAL] -/client/customization
[1375.30s] [AID19829382324549930enlT][LOCAL] -/client/globals
[1375.51s] [AID19829382324549930enlT][LOCAL] -/client/game/profile/list
[1375.66s] [AID19829382324549930enlT][LOCAL] -/client/game/profile/select
[1375.70s] [AID19829382324549930enlT][LOCAL] -/client/profile/status
[1375.76s] [AID19829382324549930enlT][LOCAL] -/client/weather
[1375.77s] [AID19829382324549930enlT][LOCAL] -/client/locations
[1375.80s] [AID19829382324549930enlT][LOCAL] -/client/game/profile/select
[1375.85s] [AID19829382324549930enlT][LOCAL] -/client/profile/status
[1376.12s] [AID19829382324549930enlT][LOCAL] -/client/handbook/templates
[1382.05s] [AID19829382324549930enlT][LOCAL] -/client/hideout/areas
[1382.15s] [AID19829382324549930enlT][LOCAL] -/client/hideout/settings
[1383.75s] [AID19829382324549930enlT][LOCAL] -/client/hideout/production/recipes
[1384.92s] [AID19829382324549930enlT][LOCAL] -/client/hideout/production/scavcase/recipes
[1386.46s] [AID19829382324549930enlT][LOCAL] -/client/handbook/builds/my/list
[1386.54s] [AID19829382324549930enlT][LOCAL] -/client/quest/list
[1387.11s] [AID19829382324549930enlT][LOCAL] -/client/notifier/channel/create
[1388.03s] [AID19829382324549930enlT][LOCAL] -/client/mail/dialog/list
[1388.07s] [AID19829382324549930enlT][LOCAL] -/client/friend/list
[1388.08s] [AID19829382324549930enlT][LOCAL] -/client/friend/request/list/inbox
[1388.08s] [AID19829382324549930enlT][LOCAL] -/client/friend/request/list/outbox
[1388.08s] [AID19829382324549930enlT][LOCAL] -/client/profile/status
[1388.08s] [AID19829382324549930enlT][LOCAL] -/client/trading/customization/storage
[1388.18s] [AID19829382324549930enlT][LOCAL] -/client/server/list
[1388.18s] [AID19829382324549930enlT][LOCAL] -/client/trading/api/getTradersList
[1388.26s] [AID19829382324549930enlT][LOCAL] -/client/checkVersion
[1451.32s] [AID19829382324549930enlT][LOCAL] -/client/game/profile/items/moving
[1511.36s] [AID19829382324549930enlT][LOCAL] -/client/game/profile/items/moving
[1571.36s] [AID19829382324549930enlT][LOCAL] -/client/game/profile/items/moving
[1598.32s] [AID19829382324549930enlT][LOCAL] -/client/game/profile/items/moving
[1598.32s] [SUCCESS]-Items taken. Status OK.
[1602.60s] [AID19829382324549930enlT][LOCAL] -/client/trading/api/getTrader/54cb50c76803fa8b248b4571
[1602.64s] [AID19829382324549930enlT][LOCAL] -/client/trading/api/getTrader/54cb57776803fa99248b456e
[1602.64s] [AID19829382324549930enlT][LOCAL] -/client/trading/api/getTrader/5ac3b934156ae10c4430e83c
[1602.64s] [AID19829382324549930enlT][LOCAL] -/client/trading/api/getTrader/5c0647fdd443bc2504c2d371
[1602.64s] [AID19829382324549930enlT][LOCAL] -/client/trading/api/getTrader/5a7c2eca46aef81a7ca2145d
[1603.23s] [AID19829382324549930enlT][LOCAL] -/client/trading/api/getTraderAssort/54cb50c76803fa8b248b4571
[1603.42s] [AID19829382324549930enlT][LOCAL] -/client/trading/api/getUserAssortPrice/trader/54cb50c76803fa8b248b4571
[1618.15s] [AID19829382324549930enlT][LOCAL] -/client/game/profile/items/moving
[1618.15s] [SUCCESS]-Items taken. Status OK.
[1618.15s] [SUCCESS]-Bought item: 5eeca645bfed7142cb31031d
[1618.21s] [AID19829382324549930enlT][LOCAL] -/client/trading/api/getTraderAssort/54cb50c76803fa8b248b4571
[1618.26s] [AID19829382324549930enlT][LOCAL] -/client/trading/api/getUserAssortPrice/trader/54cb50c76803fa8b248b4571
[1618.65s] [AID19829382324549930enlT][LOCAL] -/client/trading/api/getTrader/54cb57776803fa99248b456e
[1618.68s] [AID19829382324549930enlT][LOCAL] -/client/trading/api/getTrader/5c0647fdd443bc2504c2d371
[1618.68s] [AID19829382324549930enlT][LOCAL] -/client/trading/api/getTrader/5ac3b934156ae10c4430e83c
[1618.68s] [AID19829382324549930enlT][LOCAL] -/client/trading/api/getTrader/54cb50c76803fa8b248b4571
[1618.71s] [AID19829382324549930enlT][LOCAL] -/client/trading/api/getTrader/5a7c2eca46aef81a7ca2145d
[1628.92s] [AID19829382324549930enlT][LOCAL] -/client/game/profile/items/moving
[1629.67s] [AID19829382324549930enlT][LOCAL] -/client/trading/api/getTrader/54cb50c76803fa8b248b4571
[1629.69s] [AID19829382324549930enlT][LOCAL] -/client/trading/api/getTrader/5a7c2eca46aef81a7ca2145d
[1629.70s] [AID19829382324549930enlT][LOCAL] -/client/trading/api/getTrader/54cb57776803fa99248b456e
[1629.70s] [AID19829382324549930enlT][LOCAL] -/client/trading/api/getTrader/5c0647fdd443bc2504c2d371
[1629.73s] [AID19829382324549930enlT][LOCAL] -/client/trading/api/getTrader/5ac3b934156ae10c4430e83c
[1630.36s] [AID19829382324549930enlT][LOCAL] -/client/trading/api/getTraderAssort/54cb50c76803fa8b248b4571
[1630.42s] [AID19829382324549930enlT][LOCAL] -/client/trading/api/getUserAssortPrice/trader/54cb50c76803fa8b248b4571
[1653.85s] [AID19829382324549930enlT][LOCAL] -/client/trading/api/getTrader/5a7c2eca46aef81a7ca2145d
[1653.85s] [AID19829382324549930enlT][LOCAL] -/client/trading/api/getTrader/54cb50c76803fa8b248b4571
[1653.85s] [AID19829382324549930enlT][LOCAL] -/client/trading/api/getTrader/5c0647fdd443bc2504c2d371
[1653.85s] [AID19829382324549930enlT][LOCAL] -/client/trading/api/getTrader/54cb57776803fa99248b456e
[1653.89s] [AID19829382324549930enlT][LOCAL] -/client/trading/api/getTrader/5ac3b934156ae10c4430e83c
[1654.84s] [AID19829382324549930enlT][LOCAL] -/client/trading/api/getTraderAssort/58330581ace78e27b8b10cee
[1654.87s] [AID19829382324549930enlT][LOCAL] -/client/trading/api/getUserAssortPrice/trader/58330581ace78e27b8b10cee
[1657.26s] [AID19829382324549930enlT][LOCAL] -/client/trading/api/getTraderAssort/5a7c2eca46aef81a7ca2145d
[1657.32s] [AID19829382324549930enlT][LOCAL] -/client/trading/api/getUserAssortPrice/trader/5a7c2eca46aef81a7ca2145d
[1686.42s] [AID19829382324549930enlT][LOCAL] -/client/trading/api/getTrader/5a7c2eca46aef81a7ca2145d
[1688.97s] [AID19829382324549930enlT][LOCAL] -/client/game/profile/items/moving
[1703.53s] [AID19829382324549930enlT][LOCAL] -/client/game/profile/items/moving
[1703.53s] [SUCCESS]-Items taken. Status OK.
[1703.53s] [SUCCESS]-Bought item: 5eeca63cbfed7142cb30fc8e
[1703.61s] [AID19829382324549930enlT][LOCAL] -/client/trading/api/getTraderAssort/5a7c2eca46aef81a7ca2145d
[1703.68s] [AID19829382324549930enlT][LOCAL] -/client/trading/api/getUserAssortPrice/trader/5a7c2eca46aef81a7ca2145d
[1710.99s] [AID19829382324549930enlT][LOCAL] -/client/game/profile/items/moving
[1716.62s] [AID19829382324549930enlT][LOCAL] -/client/trading/api/getTrader/5a7c2eca46aef81a7ca2145d
[1728.73s] [AID19829382324549930enlT][LOCAL] -/client/trading/api/getTrader/54cb50c76803fa8b248b4571
[1728.73s] [AID19829382324549930enlT][LOCAL] -/client/trading/api/getTrader/54cb57776803fa99248b456e
[1728.73s] [AID19829382324549930enlT][LOCAL] -/client/trading/api/getTrader/5a7c2eca46aef81a7ca2145d
[1728.73s] [AID19829382324549930enlT][LOCAL] -/client/trading/api/getTrader/5c0647fdd443bc2504c2d371
[1728.73s] [AID19829382324549930enlT][LOCAL] -/client/trading/api/getTrader/5ac3b934156ae10c4430e83c
[1729.32s] [AID19829382324549930enlT][LOCAL] -/client/trading/api/getTraderAssort/5935c25fb3acc3127c3d8cd9
[1729.38s] [AID19829382324549930enlT][LOCAL] -/client/trading/api/getUserAssortPrice/trader/5935c25fb3acc3127c3d8cd9
[1734.47s] [AID19829382324549930enlT][LOCAL] -/client/trading/api/getTraderAssort/54cb57776803fa99248b456e
[1734.52s] [AID19829382324549930enlT][LOCAL] -/client/trading/api/getUserAssortPrice/trader/54cb57776803fa99248b456e
[1738.61s] [AID19829382324549930enlT][LOCAL] -/client/game/profile/items/moving
[1739.10s] [AID19829382324549930enlT][LOCAL] -/client/trading/api/getTrader/5ac3b934156ae10c4430e83c
[1739.13s] [AID19829382324549930enlT][LOCAL] -/client/trading/api/getTrader/5c0647fdd443bc2504c2d371
[1739.13s] [AID19829382324549930enlT][LOCAL] -/client/trading/api/getTrader/5a7c2eca46aef81a7ca2145d
[1739.13s] [AID19829382324549930enlT][LOCAL] -/client/trading/api/getTrader/54cb57776803fa99248b456e
[1739.13s] [AID19829382324549930enlT][LOCAL] -/client/trading/api/getTrader/54cb50c76803fa8b248b4571
[1739.83s] [AID19829382324549930enlT][LOCAL] -/client/trading/api/getTraderAssort/54cb50c76803fa8b248b4571
[1739.89s] [AID19829382324549930enlT][LOCAL] -/client/trading/api/getUserAssortPrice/trader/54cb50c76803fa8b248b4571
[1798.62s] [AID19829382324549930enlT][LOCAL] -/client/game/profile/items/moving
[2193.68s] [AID19829382324549930enlT][LOCAL] -/client/game/profile/items/moving
[2194.79s] [AID19829382324549930enlT][LOCAL] -/client/trading/customization/storage
[2194.82s] [AID19829382324549930enlT][LOCAL] -/client/trading/api/getTrader/54cb50c76803fa8b248b4571
[2194.85s] [AID19829382324549930enlT][LOCAL] -/client/trading/api/getTrader/5935c25fb3acc3127c3d8cd9
[2194.85s] [AID19829382324549930enlT][LOCAL] -/client/trading/api/getTrader/5a7c2eca46aef81a7ca2145d
[2194.87s] [AID19829382324549930enlT][LOCAL] -/client/trading/api/getTrader/54cb57776803fa99248b456e
[2194.88s] [AID19829382324549930enlT][LOCAL] -/client/trading/api/getTrader/5ac3b934156ae10c4430e83c
[2194.88s] [AID19829382324549930enlT][LOCAL] -/client/trading/api/getTrader/5c0647fdd443bc2504c2d371
[2195.56s] [AID19829382324549930enlT][LOCAL] -/client/trading/api/getTraderAssort/54cb50c76803fa8b248b4571
[2195.61s] [AID19829382324549930enlT][LOCAL] -/client/trading/api/getUserAssortPrice/trader/54cb50c76803fa8b248b4571
[2199.91s] [AID19829382324549930enlT][LOCAL] -/client/trading/api/getTraderAssort/5935c25fb3acc3127c3d8cd9
[2199.97s] [AID19829382324549930enlT][LOCAL] -/client/trading/api/getUserAssortPrice/trader/5935c25fb3acc3127c3d8cd9
[2205.98s] [AID19829382324549930enlT][LOCAL] -/client/game/profile/items/moving
[2205.98s] [SUCCESS]-Items taken. Status OK.
[2205.98s] [SUCCESS]-Bought item: 5f004bed1b27f811e5317ad5
[2206.03s] [AID19829382324549930enlT][LOCAL] -/client/trading/api/getTraderAssort/5935c25fb3acc3127c3d8cd9
[2206.08s] [AID19829382324549930enlT][LOCAL] -/client/trading/api/getUserAssortPrice/trader/5935c25fb3acc3127c3d8cd9
[2206.70s] [AID19829382324549930enlT][LOCAL] -/client/trading/api/getTrader/54cb57776803fa99248b456e
[2206.74s] [AID19829382324549930enlT][LOCAL] -/client/trading/api/getTrader/5c0647fdd443bc2504c2d371
[2206.74s] [AID19829382324549930enlT][LOCAL] -/client/trading/api/getTrader/5a7c2eca46aef81a7ca2145d
[2206.74s] [AID19829382324549930enlT][LOCAL] -/client/trading/api/getTrader/5935c25fb3acc3127c3d8cd9
[2206.74s] [AID19829382324549930enlT][LOCAL] -/client/trading/api/getTrader/5ac3b934156ae10c4430e83c
[2206.74s] [AID19829382324549930enlT][LOCAL] -/client/trading/api/getTrader/54cb50c76803fa8b248b4571
[2213.78s] [AID19829382324549930enlT][LOCAL] -/client/game/profile/items/moving
[2976.65s] [AID19829382324549930enlT][LOCAL] -/client/game/logout
