[0.05s] [ERROR]-Missing files! Rebuilding cache required!
[0.06s] [WARNING]-Rebuilding cache system
[0.48s] [SUCCESS]-Create: Static Response Callbacks
[0.49s] [SUCCESS]-Create: Dynamic Response Callbacks
[0.50s] [SUCCESS]-Create: Cache Callback
[0.50s] [SUCCESS]-Create: Start Callback
[0.51s] [SUCCESS]-Create: Receive Callback
[0.51s] [SUCCESS]-Create: Respond Callback
[0.51s] [SUCCESS]-Create: Classes as global variables
[0.52s] [SUCCESS]-Create: Item Action Callbacks
[0.53s] -┌────────────────────────┐
[0.53s] -│ JustEmuTarkov 1.0.3    │
[0.53s] -│ « discord.gg/T66tGKa » │
[0.53s] -└────────────────────────┘
[1.09s] [ERROR]-[Server]:1.0.3
[1.09s] [ERROR]-[Trace]:
SyntaxError: Unexpected token } in JSON at position 5019
    at JSON.parse (<anonymous>)
    at Object.exports.readParsed (D:\EFT stuff\Game Installs\Play testing\core\util\fileIO.js:1:314)
    at Object.exports.cache [as cachelocations] (D:\EFT stuff\Game Installs\Play testing\src\callbacks\cache\locations.js:12:25)
    at Server.start (D:\EFT stuff\Game Installs\Play testing\core\server\server.js:24:139)
    at new Initializer (D:\EFT stuff\Game Installs\Play testing\core\initializer.js:2:176)
    at Object.<anonymous> (D:\EFT stuff\Game Installs\Play testing\core\initializer.js:7:494)
    at Module._compile (internal/modules/cjs/loader.js:955:30)
    at Object.Module._extensions..js (internal/modules/cjs/loader.js:991:10)
    at Module.load (internal/modules/cjs/loader.js:811:32)
    at Function.Module._load (internal/modules/cjs/loader.js:723:14)
