[0.05s] [ERROR]-Missing files! Rebuilding cache required!
[0.06s] [WARNING]-Rebuilding cache system
[0.44s] [WARNING]-Mod Kovacs-Arsenal-2.4.0 not installed, adding it to the modlist
[0.45s] [WARNING]-Mod Kovacs-MCX-1.0.0 not installed, adding it to the modlist
[0.51s] [SUCCESS]-Create: Static Response Callbacks
[0.52s] [SUCCESS]-Create: Dynamic Response Callbacks
[0.53s] [SUCCESS]-Create: Cache Callback
[0.53s] [SUCCESS]-Create: Start Callback
[0.53s] [SUCCESS]-Create: Receive Callback
[0.54s] [SUCCESS]-Create: Respond Callback
[0.54s] [SUCCESS]-Create: Classes as global variables
[0.55s] [SUCCESS]-Create: Item Action Callbacks
[0.56s] -┌────────────────────────┐
[0.56s] -│ JustEmuTarkov 1.0.3    │
[0.56s] -│ « discord.gg/T66tGKa » │
[0.56s] -└────────────────────────┘
[3.41s] [SUCCESS]-[LootFix] Settings applied
[3.60s] [SUCCESS]-[MOD] Mk18; Applied
[3.79s] [SUCCESS]-[MOD] UMP; Applied
[4.00s] [SUCCESS]-[MOD] Vector; Applied
[4.59s] [SUCCESS]-[MOD] Arsenal; Applied
[4.77s] [SUCCESS]-[MOD] Arsenal; Applied
[5.06s] [SUCCESS]-[MOD] MCX; Applied
[5.24s] [SUCCESS]-[MOD] MCX; Applied
[5.96s] [SUCCESS]-[MOD] BetterBundles; Applied
[6.69s] [SUCCESS]-[MOD] LootFix; Applied
[6.70s] [SUCCESS]-[MOD] AllItemsExamined; Applied
[6.71s] [SUCCESS]-Server is working at: https://127.0.0.1:443
[8.31s] [LOCAL] -/launcher/server/connect
[14.83s] [LOCAL] -/launcher/profile/register
[14.84s] [LOCAL] -/launcher/profile/login
[14.85s] [LOCAL] -/launcher/profile/get
[15.38s] [AID1101545139191897790Q1][LOCAL] -/launcher/profile/login
[15.38s] [AID1101545139191897790Q1][LOCAL] -/launcher/profile/get
[21.35s] [LOCAL] -/singleplayer/bundles
[22.11s] [LOCAL] -/singleplayer/bundles
[22.25s] [LOCAL] -/mode/offline
[36.24s] [AID1101545139191897790Q1][LOCAL] -/client/game/start
[36.24s] [WARNING]-New account login!
[36.30s] [AID1101545139191897790Q1][LOCAL] -/client/menu/locale/en
[36.35s] [AID1101545139191897790Q1][LOCAL] -/client/game/version/validate
[36.38s] [AID1101545139191897790Q1][LOCAL] -/client/languages
[36.42s] [AID1101545139191897790Q1][LOCAL] -/client/game/config
[37.53s] [AID1101545139191897790Q1][LOCAL] -/client/items
[48.45s] [AID1101545139191897790Q1][LOCAL] -/client/customization
[48.48s] [AID1101545139191897790Q1][LOCAL] -/client/globals
[49.33s] [AID1101545139191897790Q1][LOCAL] -/client/game/profile/list
[49.39s] [AID1101545139191897790Q1][LOCAL] -/client/locale/en
[50.02s] [AID1101545139191897790Q1][LOCAL] -/client/locale/ru
[50.47s] [AID1101545139191897790Q1][LOCAL] -/client/locale/ge
[50.89s] [AID1101545139191897790Q1][LOCAL] -/client/locale/fr
[58.44s] [AID1101545139191897790Q1][LOCAL] -/client/game/profile/nickname/reserved
[61.84s] [AID1101545139191897790Q1][LOCAL] -/client/game/profile/nickname/validate
[69.76s] [AID1101545139191897790Q1][LOCAL] -/client/game/profile/create
[69.92s] [AID1101545139191897790Q1][LOCAL] -/client/weather
[69.95s] [AID1101545139191897790Q1][LOCAL] -/client/locations
[69.97s] [AID1101545139191897790Q1][LOCAL] -/client/game/profile/list
[70.74s] [AID1101545139191897790Q1][LOCAL] -/client/game/profile/select
[70.79s] [AID1101545139191897790Q1][LOCAL] -/client/profile/status
[71.03s] [AID1101545139191897790Q1][LOCAL] -/client/handbook/templates
[76.88s] [AID1101545139191897790Q1][LOCAL] -/client/hideout/areas
[77.14s] [AID1101545139191897790Q1][LOCAL] -/client/hideout/settings
[77.19s] [AID1101545139191897790Q1][LOCAL] -/client/hideout/production/recipes
[78.58s] [AID1101545139191897790Q1][LOCAL] -/client/hideout/production/scavcase/recipes
[78.67s] [AID1101545139191897790Q1][LOCAL] -/client/handbook/builds/my/list
[78.73s] [AID1101545139191897790Q1][LOCAL] -/client/quest/list
[80.38s] [AID1101545139191897790Q1][LOCAL] -/client/notifier/channel/create
[81.50s] [AID1101545139191897790Q1][LOCAL] -/client/mail/dialog/list
[81.52s] [AID1101545139191897790Q1][LOCAL] -/client/profile/status
[81.53s] [AID1101545139191897790Q1][LOCAL] -/client/friend/list
[81.53s] [AID1101545139191897790Q1][LOCAL] -/client/friend/request/list/inbox
[81.53s] [AID1101545139191897790Q1][LOCAL] -/client/friend/request/list/outbox
[81.56s] [AID1101545139191897790Q1][LOCAL] -/client/trading/customization/storage
[81.65s] [AID1101545139191897790Q1][LOCAL] -/client/server/list
[81.65s] [AID1101545139191897790Q1][LOCAL] -/client/trading/api/getTradersList
[81.79s] [AID1101545139191897790Q1][LOCAL] -/client/checkVersion
[864.70s] [LOCAL] -/singleplayer/bundles
[865.40s] [LOCAL] -/singleplayer/bundles
[865.54s] [LOCAL] -/mode/offline
[878.77s] [AID1101545139191897790Q1][LOCAL] -/client/game/start
[878.84s] [AID1101545139191897790Q1][LOCAL] -/client/menu/locale/en
[878.89s] [AID1101545139191897790Q1][LOCAL] -/client/game/version/validate
[878.92s] [AID1101545139191897790Q1][LOCAL] -/client/languages
[878.98s] [AID1101545139191897790Q1][LOCAL] -/client/game/config
[880.06s] [AID1101545139191897790Q1][LOCAL] -/client/items
[892.11s] [AID1101545139191897790Q1][LOCAL] -/client/customization
[892.14s] [AID1101545139191897790Q1][LOCAL] -/client/globals
[893.29s] [AID1101545139191897790Q1][LOCAL] -/client/game/profile/list
[894.14s] [AID1101545139191897790Q1][LOCAL] -/client/game/profile/select
[894.17s] [AID1101545139191897790Q1][LOCAL] -/client/profile/status
[894.25s] [AID1101545139191897790Q1][LOCAL] -/client/weather
[894.29s] [AID1101545139191897790Q1][LOCAL] -/client/game/profile/select
[894.29s] [AID1101545139191897790Q1][LOCAL] -/client/locale/en
[894.34s] [AID1101545139191897790Q1][LOCAL] -/client/locations
[895.34s] [AID1101545139191897790Q1][LOCAL] -/client/profile/status
[895.63s] [AID1101545139191897790Q1][LOCAL] -/client/handbook/templates
[901.78s] [AID1101545139191897790Q1][LOCAL] -/client/hideout/areas
[902.42s] [AID1101545139191897790Q1][LOCAL] -/client/hideout/settings
[902.84s] [AID1101545139191897790Q1][LOCAL] -/client/hideout/production/recipes
[902.92s] [AID1101545139191897790Q1][LOCAL] -/client/hideout/production/scavcase/recipes
[903.44s] [AID1101545139191897790Q1][LOCAL] -/client/handbook/builds/my/list
[903.50s] [AID1101545139191897790Q1][LOCAL] -/client/quest/list
[904.56s] [AID1101545139191897790Q1][LOCAL] -/client/notifier/channel/create
[905.83s] [AID1101545139191897790Q1][LOCAL] -/client/mail/dialog/list
[905.84s] [AID1101545139191897790Q1][LOCAL] -/client/friend/list
[905.87s] [AID1101545139191897790Q1][LOCAL] -/client/friend/request/list/inbox
[905.87s] [AID1101545139191897790Q1][LOCAL] -/client/friend/request/list/outbox
[905.87s] [AID1101545139191897790Q1][LOCAL] -/client/profile/status
[905.90s] [AID1101545139191897790Q1][LOCAL] -/client/trading/customization/storage
[906.51s] [AID1101545139191897790Q1][LOCAL] -/client/server/list
[906.51s] [AID1101545139191897790Q1][LOCAL] -/client/trading/api/getTradersList
[908.09s] [AID1101545139191897790Q1][LOCAL] -/client/checkVersion
[1008.16s] [AID1101545139191897790Q1][LOCAL] -/client/game/logout
